<?xml version="1.0" encoding="UTF-8"?>
<robot generator="Robot 3.2.1 (Python 3.8.5 on win32)" generated="20200811 16:22:00.564" rpa="false">
<suite id="s1" name="FirstRobotProject" source="C:\Users\CHANDRASEKHARJANGA\git\RobotProject\FirstRobotProject">
<suite id="s1-s1" name="Tests" source="C:\Users\CHANDRASEKHARJANGA\git\RobotProject\FirstRobotProject\tests">
<suite id="s1-s1-s1" name="TC001" source="C:\Users\CHANDRASEKHARJANGA\git\RobotProject\FirstRobotProject\tests\TC001.robot">
<test id="s1-s1-s1-t1" name="LoginTest">
<kw name="Open Browser" library="SeleniumLibrary">
<doc>Opens a new browser instance to the optional ``url``.</doc>
<arguments>
<arg>${url}</arg>
<arg>${browser}</arg>
</arguments>
<msg timestamp="20200811 16:22:00.945" level="INFO">Opening browser 'chrome' to base url 'https://demo.nopcommerce.com/'.</msg>
<status status="PASS" starttime="20200811 16:22:00.945" endtime="20200811 16:22:06.333"></status>
</kw>
<kw name="loginToApplication">
<kw name="Title Should Be" library="SeleniumLibrary">
<doc>Verifies that the current page title equals ``title``.</doc>
<arguments>
<arg>nopCommerce demo store</arg>
</arguments>
<msg timestamp="20200811 16:22:06.357" level="INFO">Page title is 'nopCommerce demo store'.</msg>
<status status="PASS" starttime="20200811 16:22:06.335" endtime="20200811 16:22:06.357"></status>
</kw>
<kw name="Click Link" library="SeleniumLibrary">
<doc>Clicks a link identified by ``locator``.</doc>
<arguments>
<arg>xpath=//a[text()='Log in']</arg>
</arguments>
<msg timestamp="20200811 16:22:06.362" level="INFO">Clicking link 'xpath=//a[text()='Log in']'.</msg>
<status status="PASS" starttime="20200811 16:22:06.358" endtime="20200811 16:22:07.771"></status>
</kw>
<kw name="Maximize Browser Window" library="SeleniumLibrary">
<doc>Maximizes current browser window.</doc>
<status status="PASS" starttime="20200811 16:22:07.772" endtime="20200811 16:22:09.894"></status>
</kw>
<kw name="Title Should Be" library="SeleniumLibrary">
<doc>Verifies that the current page title equals ``title``.</doc>
<arguments>
<arg>nopCommerce demo store. Login</arg>
</arguments>
<msg timestamp="20200811 16:22:09.902" level="INFO">Page title is 'nopCommerce demo store. Login'.</msg>
<status status="PASS" starttime="20200811 16:22:09.897" endtime="20200811 16:22:09.902"></status>
</kw>
<kw name="Wait Until Page Contains Element" library="SeleniumLibrary">
<doc>Waits until the element ``locator`` appears on the current page.</doc>
<arguments>
<arg>id=Email</arg>
</arguments>
<status status="PASS" starttime="20200811 16:22:09.903" endtime="20200811 16:22:09.921"></status>
</kw>
<kw name="Wait Until Page Contains Element" library="SeleniumLibrary">
<doc>Waits until the element ``locator`` appears on the current page.</doc>
<arguments>
<arg>id=Password</arg>
</arguments>
<status status="PASS" starttime="20200811 16:22:09.921" endtime="20200811 16:22:09.940"></status>
</kw>
<kw name="Set Variable" library="BuiltIn">
<doc>Returns the given values which can then be assigned to a variables.</doc>
<arguments>
<arg>id=Email</arg>
</arguments>
<assign>
<var>${"email_txt"}</var>
</assign>
<msg timestamp="20200811 16:22:09.941" level="INFO">${"email_txt"} = id=Email</msg>
<status status="PASS" starttime="20200811 16:22:09.940" endtime="20200811 16:22:09.941"></status>
</kw>
<kw name="Element Should Be Visible" library="SeleniumLibrary">
<doc>Verifies that the element identified by ``locator`` is visible.</doc>
<arguments>
<arg>${"email_txt"}</arg>
</arguments>
<msg timestamp="20200811 16:22:09.978" level="INFO">Element 'id=Email' is displayed.</msg>
<status status="PASS" starttime="20200811 16:22:09.943" endtime="20200811 16:22:09.978"></status>
</kw>
<kw name="Element Should Be Enabled" library="SeleniumLibrary">
<doc>Verifies that element identified by ``locator`` is enabled.</doc>
<arguments>
<arg>${"email_txt"}</arg>
</arguments>
<status status="PASS" starttime="20200811 16:22:09.979" endtime="20200811 16:22:10.018"></status>
</kw>
<kw name="Clear Element Text" library="SeleniumLibrary">
<doc>Clears the value of the text-input-element identified by ``locator``.</doc>
<arguments>
<arg>${"email_txt"}</arg>
</arguments>
<status status="PASS" starttime="20200811 16:22:10.019" endtime="20200811 16:22:10.085"></status>
</kw>
<kw name="Input Text" library="SeleniumLibrary">
<doc>Types the given ``text`` into the text field identified by ``locator``.</doc>
<arguments>
<arg>${"email_txt"}</arg>
<arg>${username}</arg>
</arguments>
<msg timestamp="20200811 16:22:10.086" level="INFO">Typing text 'jcsreddy@gmail.com' into text field 'id=Email'.</msg>
<status status="PASS" starttime="20200811 16:22:10.086" endtime="20200811 16:22:10.227"></status>
</kw>
<kw name="Set Variable" library="BuiltIn">
<doc>Returns the given values which can then be assigned to a variables.</doc>
<arguments>
<arg>id=Password</arg>
</arguments>
<assign>
<var>${"password_txt"}</var>
</assign>
<msg timestamp="20200811 16:22:10.228" level="INFO">${"password_txt"} = id=Password</msg>
<status status="PASS" starttime="20200811 16:22:10.228" endtime="20200811 16:22:10.229"></status>
</kw>
<kw name="Element Should Be Visible" library="SeleniumLibrary">
<doc>Verifies that the element identified by ``locator`` is visible.</doc>
<arguments>
<arg>${"password_txt"}</arg>
</arguments>
<msg timestamp="20200811 16:22:10.250" level="INFO">Element 'id=Password' is displayed.</msg>
<status status="PASS" starttime="20200811 16:22:10.229" endtime="20200811 16:22:10.250"></status>
</kw>
<kw name="Element Should Be Enabled" library="SeleniumLibrary">
<doc>Verifies that element identified by ``locator`` is enabled.</doc>
<arguments>
<arg>${"password_txt"}</arg>
</arguments>
<status status="PASS" starttime="20200811 16:22:10.251" endtime="20200811 16:22:10.273"></status>
</kw>
<kw name="Clear Element Text" library="SeleniumLibrary">
<doc>Clears the value of the text-input-element identified by ``locator``.</doc>
<arguments>
<arg>${"password_txt"}</arg>
</arguments>
<status status="PASS" starttime="20200811 16:22:10.273" endtime="20200811 16:22:10.308"></status>
</kw>
<kw name="Input Password" library="SeleniumLibrary">
<doc>Types the given password into the text field identified by ``locator``.</doc>
<arguments>
<arg>${"password_txt"}</arg>
<arg>${password}</arg>
</arguments>
<msg timestamp="20200811 16:22:10.309" level="INFO">Typing password into text field 'id=Password'.</msg>
<msg timestamp="20200811 16:22:10.330" level="INFO">Temporally setting log level to: NONE</msg>
<msg timestamp="20200811 16:22:10.401" level="INFO">Log level changed from NONE to INFO.</msg>
<status status="PASS" starttime="20200811 16:22:10.309" endtime="20200811 16:22:10.402"></status>
</kw>
<kw name="Capture Page Screenshot" library="SeleniumLibrary">
<doc>Takes a screenshot of the current page and embeds it into a log file.</doc>
<msg timestamp="20200811 16:22:10.790" level="INFO" html="yes">&lt;/td&gt;&lt;/tr&gt;&lt;tr&gt;&lt;td colspan="3"&gt;&lt;a href="selenium-screenshot-10.png"&gt;&lt;img src="selenium-screenshot-10.png" width="800px"&gt;&lt;/a&gt;</msg>
<status status="PASS" starttime="20200811 16:22:10.402" endtime="20200811 16:22:10.791"></status>
</kw>
<kw name="Set Variable" library="BuiltIn">
<doc>Returns the given values which can then be assigned to a variables.</doc>
<arguments>
<arg>xpath=//input[@class='button-1 login-button']</arg>
</arguments>
<assign>
<var>${"loginbutton_enabled}</var>
</assign>
<msg timestamp="20200811 16:22:10.792" level="INFO">${"loginbutton_enabled} = xpath=//input[@class='button-1 login-button']</msg>
<status status="PASS" starttime="20200811 16:22:10.791" endtime="20200811 16:22:10.792"></status>
</kw>
<kw name="Element Should Be Enabled" library="SeleniumLibrary">
<doc>Verifies that element identified by ``locator`` is enabled.</doc>
<arguments>
<arg>${"loginbutton_enabled}</arg>
</arguments>
<status status="PASS" starttime="20200811 16:22:10.792" endtime="20200811 16:22:10.821"></status>
</kw>
<kw name="Click Button" library="SeleniumLibrary">
<doc>Clicks the button identified by ``locator``.</doc>
<arguments>
<arg>${"loginbutton_enabled}</arg>
</arguments>
<msg timestamp="20200811 16:22:10.822" level="INFO">Clicking button 'xpath=//input[@class='button-1 login-button']'.</msg>
<status status="PASS" starttime="20200811 16:22:10.822" endtime="20200811 16:22:12.117"></status>
</kw>
<kw name="Capture Page Screenshot" library="SeleniumLibrary">
<doc>Takes a screenshot of the current page and embeds it into a log file.</doc>
<msg timestamp="20200811 16:22:12.498" level="INFO" html="yes">&lt;/td&gt;&lt;/tr&gt;&lt;tr&gt;&lt;td colspan="3"&gt;&lt;a href="selenium-screenshot-11.png"&gt;&lt;img src="selenium-screenshot-11.png" width="800px"&gt;&lt;/a&gt;</msg>
<status status="PASS" starttime="20200811 16:22:12.117" endtime="20200811 16:22:12.498"></status>
</kw>
<status status="PASS" starttime="20200811 16:22:06.333" endtime="20200811 16:22:12.499"></status>
</kw>
<kw name="Close Browser" library="SeleniumLibrary">
<doc>Closes the current browser.</doc>
<status status="PASS" starttime="20200811 16:22:12.499" endtime="20200811 16:22:14.838"></status>
</kw>
<status status="PASS" starttime="20200811 16:22:00.944" endtime="20200811 16:22:14.839" critical="yes"></status>
</test>
<status status="PASS" starttime="20200811 16:22:00.653" endtime="20200811 16:22:14.843"></status>
</suite>
<status status="PASS" starttime="20200811 16:22:00.648" endtime="20200811 16:22:14.847"></status>
</suite>
<status status="PASS" starttime="20200811 16:22:00.609" endtime="20200811 16:22:14.850"></status>
</suite>
<statistics>
<total>
<stat pass="1" fail="0">Critical Tests</stat>
<stat pass="1" fail="0">All Tests</stat>
</total>
<tag>
</tag>
<suite>
<stat pass="1" fail="0" id="s1" name="FirstRobotProject">FirstRobotProject</stat>
<stat pass="1" fail="0" id="s1-s1" name="Tests">FirstRobotProject.Tests</stat>
<stat pass="1" fail="0" id="s1-s1-s1" name="TC001">FirstRobotProject.Tests.TC001</stat>
</suite>
</statistics>
<errors>
</errors>
</robot>
