<?xml version="1.0" encoding="UTF-8"?>
<robot generator="Robot 3.2.1 (Python 3.8.5 on win32)" generated="20200817 17:14:48.754" rpa="false">
<suite id="s1" name="FirstRobotProject" source="C:\Users\CHANDRASEKHARJANGA\git\RobotProject\FirstRobotProject">
<suite id="s1-s1" name="REST API Test Cases" source="C:\Users\CHANDRASEKHARJANGA\git\RobotProject\FirstRobotProject\REST API Test Cases">
<suite id="s1-s1-s1" name="TC005 ValidateJSONFile" source="C:\Users\CHANDRASEKHARJANGA\git\RobotProject\FirstRobotProject\REST API Test Cases\TC005_ValidateJSONFile.robot">
<test id="s1-s1-s1-t1" name="JOSN File Validation">
<kw name="Load JSON From File" library="JSONLibrary">
<doc>Load JSON from file.</doc>
<arguments>
<arg>./JSONFiles/example.json</arg>
</arguments>
<assign>
<var>${json_obj}</var>
</assign>
<msg timestamp="20200817 17:14:49.159" level="INFO">${json_obj} = {'quiz': {'sport': {'q1': {'question': 'Which one is correct team name in NBA?', 'options': ['New York Bulls', 'Los Angeles Kings', 'Golden State Warriros', 'Huston Rocket'], 'answer': 'Huston Rocket'...</msg>
<status status="PASS" starttime="20200817 17:14:49.151" endtime="20200817 17:14:49.159"></status>
</kw>
<kw name="Get Value From Json" library="JSONLibrary">
<doc>Get Value From JSON using JSONPath</doc>
<arguments>
<arg>${json_obj}</arg>
<arg>$.quiz.maths.q2.options[3]</arg>
</arguments>
<assign>
<var>${options.value}</var>
</assign>
<msg timestamp="20200817 17:14:49.221" level="INFO">${options.value} = ['4']</msg>
<status status="PASS" starttime="20200817 17:14:49.159" endtime="20200817 17:14:49.221"></status>
</kw>
<kw name="Log To Console" library="BuiltIn">
<doc>Logs the given message to the console.</doc>
<arguments>
<arg>${options.value}</arg>
</arguments>
<status status="PASS" starttime="20200817 17:14:49.222" endtime="20200817 17:14:49.222"></status>
</kw>
<kw name="Should Be Equal" library="BuiltIn">
<doc>Fails if the given objects are unequal.</doc>
<arguments>
<arg>${options.value}[0]</arg>
<arg>4</arg>
</arguments>
<status status="PASS" starttime="20200817 17:14:49.222" endtime="20200817 17:14:49.223"></status>
</kw>
<kw name="Get Value From Json" library="JSONLibrary">
<doc>Get Value From JSON using JSONPath</doc>
<arguments>
<arg>${json_obj}</arg>
<arg>$.quiz.maths.q2.options</arg>
</arguments>
<assign>
<var>${question.value}</var>
</assign>
<msg timestamp="20200817 17:14:49.257" level="INFO">${question.value} = [['1', '2', '3', '4']]</msg>
<status status="PASS" starttime="20200817 17:14:49.223" endtime="20200817 17:14:49.258"></status>
</kw>
<kw name="Log To Console" library="BuiltIn">
<doc>Logs the given message to the console.</doc>
<arguments>
<arg>${question.value}</arg>
</arguments>
<status status="PASS" starttime="20200817 17:14:49.258" endtime="20200817 17:14:49.259"></status>
</kw>
<kw name="Get Value From Json" library="JSONLibrary">
<doc>Get Value From JSON using JSONPath</doc>
<arguments>
<arg>${json_obj}</arg>
<arg>$.quiz.maths.q1.answer</arg>
</arguments>
<assign>
<var>${answer.value}</var>
</assign>
<msg timestamp="20200817 17:14:49.295" level="INFO">${answer.value} = ['12']</msg>
<status status="PASS" starttime="20200817 17:14:49.259" endtime="20200817 17:14:49.295"></status>
</kw>
<kw name="Log To Console" library="BuiltIn">
<doc>Logs the given message to the console.</doc>
<arguments>
<arg>${answer.value}</arg>
</arguments>
<status status="PASS" starttime="20200817 17:14:49.296" endtime="20200817 17:14:49.297"></status>
</kw>
<kw name="Should Be Equal" library="BuiltIn">
<doc>Fails if the given objects are unequal.</doc>
<arguments>
<arg>${answer.value}[0]</arg>
<arg>12</arg>
</arguments>
<status status="PASS" starttime="20200817 17:14:49.297" endtime="20200817 17:14:49.298"></status>
</kw>
<status status="PASS" starttime="20200817 17:14:49.151" endtime="20200817 17:14:49.298" critical="yes"></status>
</test>
<status status="PASS" starttime="20200817 17:14:48.833" endtime="20200817 17:14:49.299"></status>
</suite>
<status status="PASS" starttime="20200817 17:14:48.830" endtime="20200817 17:14:49.301"></status>
</suite>
<status status="PASS" starttime="20200817 17:14:48.801" endtime="20200817 17:14:49.303"></status>
</suite>
<statistics>
<total>
<stat pass="1" fail="0">Critical Tests</stat>
<stat pass="1" fail="0">All Tests</stat>
</total>
<tag>
</tag>
<suite>
<stat pass="1" fail="0" id="s1" name="FirstRobotProject">FirstRobotProject</stat>
<stat pass="1" fail="0" id="s1-s1" name="REST API Test Cases">FirstRobotProject.REST API Test Cases</stat>
<stat pass="1" fail="0" id="s1-s1-s1" name="TC005 ValidateJSONFile">FirstRobotProject.REST API Test Cases.TC005 ValidateJSONFile</stat>
</suite>
</statistics>
<errors>
</errors>
</robot>
