<?xml version="1.0" encoding="UTF-8"?>
<robot generator="Robot 3.2.1 (Python 3.8.5 on win32)" generated="20200806 13:13:51.654" rpa="false">
<suite id="s1" name="FirstRobotProject" source="C:\Users\CHANDRASEKHARJANGA\git\RobotProject\FirstRobotProject">
<suite id="s1-s1" name="Tests" source="C:\Users\CHANDRASEKHARJANGA\git\RobotProject\FirstRobotProject\tests">
<suite id="s1-s1-s1" name="FirstTestSuite" source="C:\Users\CHANDRASEKHARJANGA\git\RobotProject\FirstRobotProject\tests\FirstTestSuite.robot">
<kw name="Log" library="BuiltIn" type="setup">
<doc>Logs the given message with the given level.</doc>
<arguments>
<arg>I am inside Test Suite Setup</arg>
</arguments>
<msg timestamp="20200806 13:13:51.740" level="INFO">I am inside Test Suite Setup</msg>
<status status="PASS" starttime="20200806 13:13:51.739" endtime="20200806 13:13:51.740"></status>
</kw>
<test id="s1-s1-s1-t1" name="MyFirstTest">
<kw name="Log" library="BuiltIn" type="setup">
<doc>Logs the given message with the given level.</doc>
<arguments>
<arg>I am inside Test Setup</arg>
</arguments>
<msg timestamp="20200806 13:13:51.741" level="INFO">I am inside Test Setup</msg>
<status status="PASS" starttime="20200806 13:13:51.741" endtime="20200806 13:13:51.741"></status>
</kw>
<kw name="Log" library="BuiltIn">
<doc>Logs the given message with the given level.</doc>
<arguments>
<arg>Hello World...</arg>
</arguments>
<msg timestamp="20200806 13:13:51.742" level="INFO">Hello World...</msg>
<status status="PASS" starttime="20200806 13:13:51.741" endtime="20200806 13:13:51.742"></status>
</kw>
<kw name="Log" library="BuiltIn" type="teardown">
<doc>Logs the given message with the given level.</doc>
<arguments>
<arg>I am insite Test TearDown</arg>
</arguments>
<msg timestamp="20200806 13:13:51.742" level="INFO">I am insite Test TearDown</msg>
<status status="PASS" starttime="20200806 13:13:51.742" endtime="20200806 13:13:51.742"></status>
</kw>
<tags>
<tag>Regression</tag>
</tags>
<status status="PASS" starttime="20200806 13:13:51.740" endtime="20200806 13:13:51.743" critical="yes"></status>
</test>
<test id="s1-s1-s1-t2" name="MySecondTest">
<kw name="Log" library="BuiltIn" type="setup">
<doc>Logs the given message with the given level.</doc>
<arguments>
<arg>I am inside Test Setup</arg>
</arguments>
<msg timestamp="20200806 13:13:51.744" level="INFO">I am inside Test Setup</msg>
<status status="PASS" starttime="20200806 13:13:51.744" endtime="20200806 13:13:51.744"></status>
</kw>
<kw name="Log" library="BuiltIn">
<doc>Logs the given message with the given level.</doc>
<arguments>
<arg>My second test...</arg>
</arguments>
<msg timestamp="20200806 13:13:51.744" level="INFO">My second test...</msg>
<status status="PASS" starttime="20200806 13:13:51.744" endtime="20200806 13:13:51.745"></status>
</kw>
<kw name="Log" library="BuiltIn" type="teardown">
<doc>Logs the given message with the given level.</doc>
<arguments>
<arg>I am insite Test TearDown</arg>
</arguments>
<msg timestamp="20200806 13:13:51.745" level="INFO">I am insite Test TearDown</msg>
<status status="PASS" starttime="20200806 13:13:51.745" endtime="20200806 13:13:51.745"></status>
</kw>
<tags>
<tag>Regression</tag>
</tags>
<status status="PASS" starttime="20200806 13:13:51.743" endtime="20200806 13:13:51.746" critical="yes"></status>
</test>
<test id="s1-s1-s1-t3" name="MyLastTest">
<kw name="Log" library="BuiltIn" type="setup">
<doc>Logs the given message with the given level.</doc>
<arguments>
<arg>I am inside Test Setup</arg>
</arguments>
<msg timestamp="20200806 13:13:51.747" level="INFO">I am inside Test Setup</msg>
<status status="PASS" starttime="20200806 13:13:51.747" endtime="20200806 13:13:51.748"></status>
</kw>
<kw name="Log" library="BuiltIn">
<doc>Logs the given message with the given level.</doc>
<arguments>
<arg>I am in the last test....</arg>
</arguments>
<msg timestamp="20200806 13:13:51.748" level="INFO">I am in the last test....</msg>
<status status="PASS" starttime="20200806 13:13:51.748" endtime="20200806 13:13:51.749"></status>
</kw>
<kw name="Log" library="BuiltIn" type="teardown">
<doc>Logs the given message with the given level.</doc>
<arguments>
<arg>I am insite Test TearDown</arg>
</arguments>
<msg timestamp="20200806 13:13:51.749" level="INFO">I am insite Test TearDown</msg>
<status status="PASS" starttime="20200806 13:13:51.749" endtime="20200806 13:13:51.750"></status>
</kw>
<tags>
<tag>Sanity</tag>
</tags>
<status status="PASS" starttime="20200806 13:13:51.746" endtime="20200806 13:13:51.750" critical="yes"></status>
</test>
<kw name="Log" library="BuiltIn" type="teardown">
<doc>Logs the given message with the given level.</doc>
<arguments>
<arg>I am inside Test Suite TearDown</arg>
</arguments>
<msg timestamp="20200806 13:13:51.751" level="INFO">I am inside Test Suite TearDown</msg>
<status status="PASS" starttime="20200806 13:13:51.751" endtime="20200806 13:13:51.751"></status>
</kw>
<status status="PASS" starttime="20200806 13:13:51.736" endtime="20200806 13:13:51.751"></status>
</suite>
<status status="PASS" starttime="20200806 13:13:51.733" endtime="20200806 13:13:51.753"></status>
</suite>
<status status="PASS" starttime="20200806 13:13:51.709" endtime="20200806 13:13:51.754"></status>
</suite>
<statistics>
<total>
<stat pass="3" fail="0">Critical Tests</stat>
<stat pass="3" fail="0">All Tests</stat>
</total>
<tag>
<stat pass="2" fail="0">Regression</stat>
<stat pass="1" fail="0">Sanity</stat>
</tag>
<suite>
<stat pass="3" fail="0" id="s1" name="FirstRobotProject">FirstRobotProject</stat>
<stat pass="3" fail="0" id="s1-s1" name="Tests">FirstRobotProject.Tests</stat>
<stat pass="3" fail="0" id="s1-s1-s1" name="FirstTestSuite">FirstRobotProject.Tests.FirstTestSuite</stat>
</suite>
</statistics>
<errors>
</errors>
</robot>
