<?xml version="1.0" encoding="UTF-8"?>
<robot generator="Robot 3.2.1 (Python 3.8.5 on win32)" generated="20201016 11:10:32.157" rpa="false">
<suite id="s1" name="FirstRobotProject" source="C:\Users\CHANDRASEKHARJANGA\git\RobotProject\FirstRobotProject">
<suite id="s1-s1" name="Tests" source="C:\Users\CHANDRASEKHARJANGA\git\RobotProject\FirstRobotProject\tests">
<suite id="s1-s1-s1" name="TC001" source="C:\Users\CHANDRASEKHARJANGA\git\RobotProject\FirstRobotProject\tests\TC001.robot">
<test id="s1-s1-s1-t1" name="LoginTest">
<kw name="Open Browser" library="SeleniumLibrary">
<doc>Opens a new browser instance to the given ``url``.</doc>
<arguments>
<arg>${url}</arg>
<arg>${browser}</arg>
</arguments>
<msg timestamp="20201016 11:10:32.789" level="INFO">Opening browser 'chrome' to base url 'https://demo.nopcommerce.com/'.</msg>
<status status="PASS" starttime="20201016 11:10:32.788" endtime="20201016 11:10:41.052"></status>
</kw>
<kw name="loginToApplication">
<kw name="Title Should Be" library="SeleniumLibrary">
<doc>Verifies that current page title equals ``title``.</doc>
<arguments>
<arg>nopCommerce demo store</arg>
</arguments>
<msg timestamp="20201016 11:10:41.079" level="INFO">Page title is 'nopCommerce demo store'.</msg>
<status status="PASS" starttime="20201016 11:10:41.057" endtime="20201016 11:10:41.079"></status>
</kw>
<kw name="Click Link" library="SeleniumLibrary">
<doc>Clicks a link identified by ``locator``.</doc>
<arguments>
<arg>xpath=//a[text()='Log in']</arg>
</arguments>
<msg timestamp="20201016 11:10:41.083" level="INFO">Clicking link 'xpath=//a[text()='Log in']'.</msg>
<status status="PASS" starttime="20201016 11:10:41.082" endtime="20201016 11:10:42.844"></status>
</kw>
<kw name="Maximize Browser Window" library="SeleniumLibrary">
<doc>Maximizes current browser window.</doc>
<status status="PASS" starttime="20201016 11:10:42.845" endtime="20201016 11:10:45.502"></status>
</kw>
<kw name="Title Should Be" library="SeleniumLibrary">
<doc>Verifies that current page title equals ``title``.</doc>
<arguments>
<arg>nopCommerce demo store. Login</arg>
</arguments>
<msg timestamp="20201016 11:10:45.519" level="INFO">Page title is 'nopCommerce demo store. Login'.</msg>
<status status="PASS" starttime="20201016 11:10:45.502" endtime="20201016 11:10:45.520"></status>
</kw>
<kw name="Wait Until Page Contains Element" library="SeleniumLibrary">
<doc>Waits until element ``locator`` appears on current page.</doc>
<arguments>
<arg>id=Email</arg>
</arguments>
<status status="PASS" starttime="20201016 11:10:45.521" endtime="20201016 11:10:45.545"></status>
</kw>
<kw name="Wait Until Page Contains Element" library="SeleniumLibrary">
<doc>Waits until element ``locator`` appears on current page.</doc>
<arguments>
<arg>id=Password</arg>
</arguments>
<status status="PASS" starttime="20201016 11:10:45.546" endtime="20201016 11:10:45.587"></status>
</kw>
<kw name="Set Variable" library="BuiltIn">
<doc>Returns the given values which can then be assigned to a variables.</doc>
<arguments>
<arg>id=Email</arg>
</arguments>
<assign>
<var>${"email_txt"}</var>
</assign>
<msg timestamp="20201016 11:10:45.588" level="INFO">${"email_txt"} = id=Email</msg>
<status status="PASS" starttime="20201016 11:10:45.587" endtime="20201016 11:10:45.589"></status>
</kw>
<kw name="Element Should Be Visible" library="SeleniumLibrary">
<doc>Verifies that the element identified by ``locator`` is visible.</doc>
<arguments>
<arg>${"email_txt"}</arg>
</arguments>
<msg timestamp="20201016 11:10:45.641" level="INFO">Element 'id=Email' is displayed.</msg>
<status status="PASS" starttime="20201016 11:10:45.589" endtime="20201016 11:10:45.641"></status>
</kw>
<kw name="Element Should Be Enabled" library="SeleniumLibrary">
<doc>Verifies that element identified with ``locator`` is enabled.</doc>
<arguments>
<arg>${"email_txt"}</arg>
</arguments>
<status status="PASS" starttime="20201016 11:10:45.642" endtime="20201016 11:10:45.704"></status>
</kw>
<kw name="Clear Element Text" library="SeleniumLibrary">
<doc>Clears the value of text entry element identified by ``locator``.</doc>
<arguments>
<arg>${"email_txt"}</arg>
</arguments>
<status status="PASS" starttime="20201016 11:10:45.704" endtime="20201016 11:10:45.792"></status>
</kw>
<kw name="Input Text" library="SeleniumLibrary">
<doc>Types the given ``text`` into text field identified by ``locator``.</doc>
<arguments>
<arg>${"email_txt"}</arg>
<arg>${username}</arg>
</arguments>
<msg timestamp="20201016 11:10:45.793" level="INFO">Typing text 'jcsreddy@gmail.com' into text field 'id=Email'.</msg>
<status status="PASS" starttime="20201016 11:10:45.793" endtime="20201016 11:10:45.986"></status>
</kw>
<kw name="Set Variable" library="BuiltIn">
<doc>Returns the given values which can then be assigned to a variables.</doc>
<arguments>
<arg>id=Password</arg>
</arguments>
<assign>
<var>${"password_txt"}</var>
</assign>
<msg timestamp="20201016 11:10:45.988" level="INFO">${"password_txt"} = id=Password</msg>
<status status="PASS" starttime="20201016 11:10:45.987" endtime="20201016 11:10:45.988"></status>
</kw>
<kw name="Element Should Be Visible" library="SeleniumLibrary">
<doc>Verifies that the element identified by ``locator`` is visible.</doc>
<arguments>
<arg>${"password_txt"}</arg>
</arguments>
<msg timestamp="20201016 11:10:46.030" level="INFO">Element 'id=Password' is displayed.</msg>
<status status="PASS" starttime="20201016 11:10:45.989" endtime="20201016 11:10:46.031"></status>
</kw>
<kw name="Element Should Be Enabled" library="SeleniumLibrary">
<doc>Verifies that element identified with ``locator`` is enabled.</doc>
<arguments>
<arg>${"password_txt"}</arg>
</arguments>
<status status="PASS" starttime="20201016 11:10:46.032" endtime="20201016 11:10:46.072"></status>
</kw>
<kw name="Clear Element Text" library="SeleniumLibrary">
<doc>Clears the value of text entry element identified by ``locator``.</doc>
<arguments>
<arg>${"password_txt"}</arg>
</arguments>
<status status="PASS" starttime="20201016 11:10:46.072" endtime="20201016 11:10:46.173"></status>
</kw>
<kw name="Input Password" library="SeleniumLibrary">
<doc>Types the given password into text field identified by ``locator``.</doc>
<arguments>
<arg>${"password_txt"}</arg>
<arg>${password}</arg>
</arguments>
<msg timestamp="20201016 11:10:46.175" level="INFO">Typing password into text field 'id=Password'.</msg>
<status status="PASS" starttime="20201016 11:10:46.174" endtime="20201016 11:10:46.378"></status>
</kw>
<kw name="Capture Page Screenshot" library="SeleniumLibrary">
<doc>Takes screenshot of the current page and embeds it into log file.</doc>
<msg timestamp="20201016 11:10:46.789" level="INFO" html="yes">&lt;/td&gt;&lt;/tr&gt;&lt;tr&gt;&lt;td colspan="3"&gt;&lt;a href="selenium-screenshot-1.png"&gt;&lt;img src="selenium-screenshot-1.png" width="800px"&gt;&lt;/a&gt;</msg>
<status status="PASS" starttime="20201016 11:10:46.379" endtime="20201016 11:10:46.789"></status>
</kw>
<kw name="Set Variable" library="BuiltIn">
<doc>Returns the given values which can then be assigned to a variables.</doc>
<arguments>
<arg>xpath=//input[@class='button-1 login-button']</arg>
</arguments>
<assign>
<var>${"loginbutton_enabled}</var>
</assign>
<msg timestamp="20201016 11:10:46.790" level="INFO">${"loginbutton_enabled} = xpath=//input[@class='button-1 login-button']</msg>
<status status="PASS" starttime="20201016 11:10:46.790" endtime="20201016 11:10:46.791"></status>
</kw>
<kw name="Element Should Be Enabled" library="SeleniumLibrary">
<doc>Verifies that element identified with ``locator`` is enabled.</doc>
<arguments>
<arg>${"loginbutton_enabled}</arg>
</arguments>
<status status="PASS" starttime="20201016 11:10:46.791" endtime="20201016 11:10:46.860"></status>
</kw>
<kw name="Click Button" library="SeleniumLibrary">
<doc>Clicks button identified by ``locator``.</doc>
<arguments>
<arg>${"loginbutton_enabled}</arg>
</arguments>
<msg timestamp="20201016 11:10:46.862" level="INFO">Clicking button 'xpath=//input[@class='button-1 login-button']'.</msg>
<status status="PASS" starttime="20201016 11:10:46.861" endtime="20201016 11:10:48.522"></status>
</kw>
<kw name="Capture Page Screenshot" library="SeleniumLibrary">
<doc>Takes screenshot of the current page and embeds it into log file.</doc>
<msg timestamp="20201016 11:10:49.006" level="INFO" html="yes">&lt;/td&gt;&lt;/tr&gt;&lt;tr&gt;&lt;td colspan="3"&gt;&lt;a href="selenium-screenshot-2.png"&gt;&lt;img src="selenium-screenshot-2.png" width="800px"&gt;&lt;/a&gt;</msg>
<status status="PASS" starttime="20201016 11:10:48.522" endtime="20201016 11:10:49.007"></status>
</kw>
<status status="PASS" starttime="20201016 11:10:41.053" endtime="20201016 11:10:49.008"></status>
</kw>
<kw name="Close Browser" library="SeleniumLibrary">
<doc>Closes the current browser.</doc>
<status status="PASS" starttime="20201016 11:10:49.008" endtime="20201016 11:10:51.825"></status>
</kw>
<status status="PASS" starttime="20201016 11:10:32.786" endtime="20201016 11:10:51.826" critical="yes"></status>
</test>
<status status="PASS" starttime="20201016 11:10:32.306" endtime="20201016 11:10:51.829"></status>
</suite>
<status status="PASS" starttime="20201016 11:10:32.297" endtime="20201016 11:10:51.834"></status>
</suite>
<status status="PASS" starttime="20201016 11:10:32.234" endtime="20201016 11:10:51.837"></status>
</suite>
<statistics>
<total>
<stat pass="1" fail="0">Critical Tests</stat>
<stat pass="1" fail="0">All Tests</stat>
</total>
<tag>
</tag>
<suite>
<stat pass="1" fail="0" id="s1" name="FirstRobotProject">FirstRobotProject</stat>
<stat pass="1" fail="0" id="s1-s1" name="Tests">FirstRobotProject.Tests</stat>
<stat pass="1" fail="0" id="s1-s1-s1" name="TC001">FirstRobotProject.Tests.TC001</stat>
</suite>
</statistics>
<errors>
</errors>
</robot>
