<?xml version="1.0" encoding="UTF-8"?>
<robot generator="Robot 3.2.1 (Python 3.8.5 on win32)" generated="20200814 13:37:29.417" rpa="false">
<suite id="s1" name="FirstRobotProject" source="C:\Users\CHANDRASEKHARJANGA\git\RobotProject\FirstRobotProject">
<suite id="s1-s1" name="Tests" source="C:\Users\CHANDRASEKHARJANGA\git\RobotProject\FirstRobotProject\tests">
<suite id="s1-s1-s1" name="TC023 GetSystemData" source="C:\Users\CHANDRASEKHARJANGA\git\RobotProject\FirstRobotProject\tests\TC023_GetSystemData.robot">
<test id="s1-s1-s1-t1" name="Environment variables">
<kw name="Get Environment Variable" library="OperatingSystem">
<doc>Returns the value of an environment variable with the given name.</doc>
<arguments>
<arg>COMPUTERNAME</arg>
</arguments>
<assign>
<var>${ComputerName}</var>
</assign>
<msg timestamp="20200814 13:37:29.514" level="INFO">${ComputerName} = DESKTOP-EFCAI7I</msg>
<status status="PASS" starttime="20200814 13:37:29.512" endtime="20200814 13:37:29.514"></status>
</kw>
<kw name="Get Environment Variable" library="OperatingSystem">
<doc>Returns the value of an environment variable with the given name.</doc>
<arguments>
<arg>OS</arg>
</arguments>
<assign>
<var>${OperatingSystem}</var>
</assign>
<msg timestamp="20200814 13:37:29.516" level="INFO">${OperatingSystem} = Windows_NT</msg>
<status status="PASS" starttime="20200814 13:37:29.515" endtime="20200814 13:37:29.516"></status>
</kw>
<kw name="Get Environment Variable" library="OperatingSystem">
<doc>Returns the value of an environment variable with the given name.</doc>
<arguments>
<arg>USERNAME</arg>
</arguments>
<assign>
<var>${TestUserName}</var>
</assign>
<msg timestamp="20200814 13:37:29.517" level="INFO">${TestUserName} = CHANDRASEKHARJANGA</msg>
<status status="PASS" starttime="20200814 13:37:29.517" endtime="20200814 13:37:29.517"></status>
</kw>
<kw name="Get Environment Variable" library="OperatingSystem">
<doc>Returns the value of an environment variable with the given name.</doc>
<arguments>
<arg>WINDIR</arg>
</arguments>
<assign>
<var>${SystemDir}</var>
</assign>
<msg timestamp="20200814 13:37:29.518" level="INFO">${SystemDir} = C:\windows</msg>
<status status="PASS" starttime="20200814 13:37:29.518" endtime="20200814 13:37:29.518"></status>
</kw>
<kw name="Get Environment Variable" library="OperatingSystem">
<doc>Returns the value of an environment variable with the given name.</doc>
<arguments>
<arg>PROCESSOR_LEVEL</arg>
</arguments>
<assign>
<var>${ProcessorLevel}</var>
</assign>
<msg timestamp="20200814 13:37:29.519" level="INFO">${ProcessorLevel} = 6</msg>
<status status="PASS" starttime="20200814 13:37:29.519" endtime="20200814 13:37:29.520"></status>
</kw>
<kw name="Log" library="BuiltIn">
<doc>Logs the given message with the given level.</doc>
<arguments>
<arg>${ComputerName}</arg>
</arguments>
<msg timestamp="20200814 13:37:29.521" level="INFO">DESKTOP-EFCAI7I</msg>
<status status="PASS" starttime="20200814 13:37:29.520" endtime="20200814 13:37:29.521"></status>
</kw>
<kw name="Log" library="BuiltIn">
<doc>Logs the given message with the given level.</doc>
<arguments>
<arg>${OperatingSystem}</arg>
</arguments>
<msg timestamp="20200814 13:37:29.522" level="INFO">Windows_NT</msg>
<status status="PASS" starttime="20200814 13:37:29.522" endtime="20200814 13:37:29.522"></status>
</kw>
<kw name="Log" library="BuiltIn">
<doc>Logs the given message with the given level.</doc>
<arguments>
<arg>${TestUserName}</arg>
</arguments>
<msg timestamp="20200814 13:37:29.523" level="INFO">CHANDRASEKHARJANGA</msg>
<status status="PASS" starttime="20200814 13:37:29.522" endtime="20200814 13:37:29.523"></status>
</kw>
<kw name="Log" library="BuiltIn">
<doc>Logs the given message with the given level.</doc>
<arguments>
<arg>${SystemDir}</arg>
</arguments>
<msg timestamp="20200814 13:37:29.525" level="INFO">C:\windows</msg>
<status status="PASS" starttime="20200814 13:37:29.523" endtime="20200814 13:37:29.526"></status>
</kw>
<kw name="Log" library="BuiltIn">
<doc>Logs the given message with the given level.</doc>
<arguments>
<arg>${ProcessorLevel}</arg>
</arguments>
<msg timestamp="20200814 13:37:29.527" level="INFO">6</msg>
<status status="PASS" starttime="20200814 13:37:29.527" endtime="20200814 13:37:29.528"></status>
</kw>
<tags>
<tag>system</tag>
</tags>
<status status="PASS" starttime="20200814 13:37:29.511" endtime="20200814 13:37:29.528" critical="yes"></status>
</test>
<status status="PASS" starttime="20200814 13:37:29.494" endtime="20200814 13:37:29.530"></status>
</suite>
<status status="PASS" starttime="20200814 13:37:29.491" endtime="20200814 13:37:29.533"></status>
</suite>
<status status="PASS" starttime="20200814 13:37:29.464" endtime="20200814 13:37:29.535"></status>
</suite>
<statistics>
<total>
<stat pass="1" fail="0">Critical Tests</stat>
<stat pass="1" fail="0">All Tests</stat>
</total>
<tag>
<stat pass="1" fail="0">system</stat>
</tag>
<suite>
<stat pass="1" fail="0" id="s1" name="FirstRobotProject">FirstRobotProject</stat>
<stat pass="1" fail="0" id="s1-s1" name="Tests">FirstRobotProject.Tests</stat>
<stat pass="1" fail="0" id="s1-s1-s1" name="TC023 GetSystemData">FirstRobotProject.Tests.TC023 GetSystemData</stat>
</suite>
</statistics>
<errors>
</errors>
</robot>
