<?xml version="1.0" encoding="UTF-8"?>
<robot generator="Robot 3.2.1 (Python 3.8.5 on win32)" generated="20200820 15:13:57.036" rpa="false">
<suite id="s1" name="FirstRobotProject" source="C:\Users\CHANDRASEKHARJANGA\git\RobotProject\FirstRobotProject">
<suite id="s1-s1" name="REST API Test Cases" source="C:\Users\CHANDRASEKHARJANGA\git\RobotProject\FirstRobotProject\REST API Test Cases">
<suite id="s1-s1-s1" name="TC012 APIKeyTest" source="C:\Users\CHANDRASEKHARJANGA\git\RobotProject\FirstRobotProject\REST API Test Cases\TC012_APIKeyTest.robot">
<test id="s1-s1-s1-t1" name="APIKeyTest">
<kw name="Create Session" library="RequestsLibrary">
<doc>Create Session: create a HTTP session to a server</doc>
<arguments>
<arg>mysession</arg>
<arg>${baseurl}</arg>
</arguments>
<msg timestamp="20200820 15:13:57.315" level="INFO">Creating Session using : alias=mysession, url=https://maps.googleapis.com, headers={},                     cookies={}, auth=None, timeout=None, proxies=None, verify=False,                     debug=0 </msg>
<status status="PASS" starttime="20200820 15:13:57.315" endtime="20200820 15:13:57.315"></status>
</kw>
<kw name="Create Dictionary" library="BuiltIn">
<doc>Creates and returns a dictionary based on the given ``items``.</doc>
<arguments>
<arg>location=-33.8670522,151.1957362</arg>
<arg>radius=500</arg>
<arg>types=food</arg>
<arg>name=harbour</arg>
<arg>key=${APIKey}</arg>
</arguments>
<assign>
<var>${params}</var>
</assign>
<msg timestamp="20200820 15:13:57.320" level="INFO">${params} = {'location': '-33.8670522,151.1957362', 'radius': '500', 'types': 'food', 'name': 'harbour', 'key': 'AIzaSyBEKpaVIEwswSc2tKVuIX8aexeLUYbWN1E'}</msg>
<status status="PASS" starttime="20200820 15:13:57.318" endtime="20200820 15:13:57.321"></status>
</kw>
<kw name="Get Request" library="RequestsLibrary">
<doc>Send a GET request on the session object found using the
given `alias`</doc>
<arguments>
<arg>mysession</arg>
<arg>${requesturi}</arg>
<arg>params=${params}</arg>
</arguments>
<assign>
<var>${response}</var>
</assign>
<msg timestamp="20200820 15:13:57.592" level="INFO">GET Request : url=https://maps.googleapis.com/maps/api/place/nearbysearch/json?location=-33.8670522%2C151.1957362&amp;radius=500&amp;types=food&amp;name=harbour&amp;key=AIzaSyBEKpaVIEwswSc2tKVuIX8aexeLUYbWN1E 
 path_url=/maps/api/place/nearbysearch/json?location=-33.8670522%2C151.1957362&amp;radius=500&amp;types=food&amp;name=harbour&amp;key=AIzaSyBEKpaVIEwswSc2tKVuIX8aexeLUYbWN1E 
 headers={'User-Agent': 'python-requests/2.24.0', 'Accept-Encoding': 'gzip, deflate', 'Accept': '*/*', 'Connection': 'keep-alive'} 
 body=None 
 </msg>
<msg timestamp="20200820 15:13:57.593" level="INFO">GET Response : url=https://maps.googleapis.com/maps/api/place/nearbysearch/json?location=-33.8670522%2C151.1957362&amp;radius=500&amp;types=food&amp;name=harbour&amp;key=AIzaSyBEKpaVIEwswSc2tKVuIX8aexeLUYbWN1E 
 status=200, reason=OK 
 body={
   "error_message" : "This API project is not authorized to use this API.",
   "html_attributions" : [],
   "results" : [],
   "status" : "REQUEST_DENIED"
}
 
 </msg>
<msg timestamp="20200820 15:13:57.594" level="INFO">C:\Users\CHANDRASEKHARJANGA\AppData\Local\Programs\Python\Python38-32\Lib\site-packages\urllib3\connectionpool.py:981: InsecureRequestWarning: Unverified HTTPS request is being made to host 'maps.googleapis.com'. Adding certificate verification is strongly advised. See: https://urllib3.readthedocs.io/en/latest/advanced-usage.html#ssl-warnings
  warnings.warn(</msg>
<msg timestamp="20200820 15:13:57.595" level="INFO">${response} = &lt;Response [200]&gt;</msg>
<status status="PASS" starttime="20200820 15:13:57.329" endtime="20200820 15:13:57.595"></status>
</kw>
<kw name="Log To Console" library="BuiltIn">
<doc>Logs the given message to the console.</doc>
<arguments>
<arg>${response.status_code}</arg>
</arguments>
<status status="PASS" starttime="20200820 15:13:57.596" endtime="20200820 15:13:57.597"></status>
</kw>
<kw name="Log To Console" library="BuiltIn">
<doc>Logs the given message to the console.</doc>
<arguments>
<arg>${response.content}</arg>
</arguments>
<status status="PASS" starttime="20200820 15:13:57.598" endtime="20200820 15:13:57.599"></status>
</kw>
<status status="PASS" starttime="20200820 15:13:57.314" endtime="20200820 15:13:57.600" critical="yes"></status>
</test>
<status status="PASS" starttime="20200820 15:13:57.111" endtime="20200820 15:13:57.602"></status>
</suite>
<status status="PASS" starttime="20200820 15:13:57.107" endtime="20200820 15:13:57.606"></status>
</suite>
<status status="PASS" starttime="20200820 15:13:57.080" endtime="20200820 15:13:57.608"></status>
</suite>
<statistics>
<total>
<stat pass="1" fail="0">Critical Tests</stat>
<stat pass="1" fail="0">All Tests</stat>
</total>
<tag>
</tag>
<suite>
<stat pass="1" fail="0" id="s1" name="FirstRobotProject">FirstRobotProject</stat>
<stat pass="1" fail="0" id="s1-s1" name="REST API Test Cases">FirstRobotProject.REST API Test Cases</stat>
<stat pass="1" fail="0" id="s1-s1-s1" name="TC012 APIKeyTest">FirstRobotProject.REST API Test Cases.TC012 APIKeyTest</stat>
</suite>
</statistics>
<errors>
</errors>
</robot>
