<?xml version="1.0" encoding="UTF-8"?>
<robot generator="Robot 3.2.1 (Python 3.8.5 on win32)" generated="20200806 12:55:30.804" rpa="false">
<suite id="s1" name="FirstRobotProject" source="C:\Users\CHANDRASEKHARJANGA\git\RobotProject\FirstRobotProject">
<suite id="s1-s1" name="Tests" source="C:\Users\CHANDRASEKHARJANGA\git\RobotProject\FirstRobotProject\tests">
<suite id="s1-s1-s1" name="FirstTestSuite" source="C:\Users\CHANDRASEKHARJANGA\git\RobotProject\FirstRobotProject\tests\FirstTestSuite.robot">
<kw name="Log" library="BuiltIn" type="setup">
<doc>Logs the given message with the given level.</doc>
<arguments>
<arg>I am inside Test Suite Setup</arg>
</arguments>
<msg timestamp="20200806 12:55:31.105" level="INFO">I am inside Test Suite Setup</msg>
<status status="PASS" starttime="20200806 12:55:31.104" endtime="20200806 12:55:31.105"></status>
</kw>
<test id="s1-s1-s1-t1" name="MyFirstTest">
<kw name="Log" library="BuiltIn" type="setup">
<doc>Logs the given message with the given level.</doc>
<arguments>
<arg>I am inside Test Setup</arg>
</arguments>
<msg timestamp="20200806 12:55:31.106" level="INFO">I am inside Test Setup</msg>
<status status="PASS" starttime="20200806 12:55:31.106" endtime="20200806 12:55:31.107"></status>
</kw>
<kw name="Log" library="BuiltIn">
<doc>Logs the given message with the given level.</doc>
<arguments>
<arg>Hello World...</arg>
</arguments>
<msg timestamp="20200806 12:55:31.107" level="INFO">Hello World...</msg>
<status status="PASS" starttime="20200806 12:55:31.107" endtime="20200806 12:55:31.107"></status>
</kw>
<kw name="Log" library="BuiltIn" type="teardown">
<doc>Logs the given message with the given level.</doc>
<arguments>
<arg>I am insite Test TearDown</arg>
</arguments>
<msg timestamp="20200806 12:55:31.108" level="INFO">I am insite Test TearDown</msg>
<status status="PASS" starttime="20200806 12:55:31.108" endtime="20200806 12:55:31.108"></status>
</kw>
<tags>
<tag>Regression</tag>
</tags>
<status status="PASS" starttime="20200806 12:55:31.105" endtime="20200806 12:55:31.108" critical="yes"></status>
</test>
<test id="s1-s1-s1-t2" name="MyLastTest">
<kw name="Log" library="BuiltIn" type="setup">
<doc>Logs the given message with the given level.</doc>
<arguments>
<arg>I am inside Test Setup</arg>
</arguments>
<msg timestamp="20200806 12:55:31.110" level="INFO">I am inside Test Setup</msg>
<status status="PASS" starttime="20200806 12:55:31.109" endtime="20200806 12:55:31.110"></status>
</kw>
<kw name="Log" library="BuiltIn">
<doc>Logs the given message with the given level.</doc>
<arguments>
<arg>I am in the last test</arg>
</arguments>
<msg timestamp="20200806 12:55:31.110" level="INFO">I am in the last test</msg>
<status status="PASS" starttime="20200806 12:55:31.110" endtime="20200806 12:55:31.111"></status>
</kw>
<kw name="Log" library="BuiltIn" type="teardown">
<doc>Logs the given message with the given level.</doc>
<arguments>
<arg>I am insite Test TearDown</arg>
</arguments>
<msg timestamp="20200806 12:55:31.112" level="INFO">I am insite Test TearDown</msg>
<status status="PASS" starttime="20200806 12:55:31.111" endtime="20200806 12:55:31.112"></status>
</kw>
<tags>
<tag>Sanity</tag>
</tags>
<status status="PASS" starttime="20200806 12:55:31.109" endtime="20200806 12:55:31.112" critical="yes"></status>
</test>
<kw name="Log" library="BuiltIn" type="teardown">
<doc>Logs the given message with the given level.</doc>
<arguments>
<arg>I am inside Test Suite TearDown</arg>
</arguments>
<msg timestamp="20200806 12:55:31.113" level="INFO">I am inside Test Suite TearDown</msg>
<status status="PASS" starttime="20200806 12:55:31.113" endtime="20200806 12:55:31.113"></status>
</kw>
<status status="PASS" starttime="20200806 12:55:30.871" endtime="20200806 12:55:31.114"></status>
</suite>
<status status="PASS" starttime="20200806 12:55:30.868" endtime="20200806 12:55:31.115"></status>
</suite>
<status status="PASS" starttime="20200806 12:55:30.844" endtime="20200806 12:55:31.117"></status>
</suite>
<statistics>
<total>
<stat pass="2" fail="0">Critical Tests</stat>
<stat pass="2" fail="0">All Tests</stat>
</total>
<tag>
<stat pass="1" fail="0">Regression</stat>
<stat pass="1" fail="0">Sanity</stat>
</tag>
<suite>
<stat pass="2" fail="0" id="s1" name="FirstRobotProject">FirstRobotProject</stat>
<stat pass="2" fail="0" id="s1-s1" name="Tests">FirstRobotProject.Tests</stat>
<stat pass="2" fail="0" id="s1-s1-s1" name="FirstTestSuite">FirstRobotProject.Tests.FirstTestSuite</stat>
</suite>
</statistics>
<errors>
</errors>
</robot>
