<?xml version="1.0" encoding="UTF-8"?>
<robot generator="Robot 3.2.1 (Python 3.8.5 on win32)" generated="20200812 15:15:08.036" rpa="false">
<suite id="s1" name="FirstRobotProject" source="C:\Users\CHANDRASEKHARJANGA\git\RobotProject\FirstRobotProject">
<suite id="s1-s1" name="Tests" source="C:\Users\CHANDRASEKHARJANGA\git\RobotProject\FirstRobotProject\tests">
<suite id="s1-s1-s1" name="TC022 Tags" source="C:\Users\CHANDRASEKHARJANGA\git\RobotProject\FirstRobotProject\tests\TC022_Tags.robot">
<test id="s1-s1-s1-t1" name="TC01 User Registration">
<kw name="Log To Console" library="BuiltIn">
<doc>Logs the given message to the console.</doc>
<arguments>
<arg>This is User Registration Test</arg>
</arguments>
<status status="PASS" starttime="20200812 15:15:08.163" endtime="20200812 15:15:08.164"></status>
</kw>
<status status="PASS" starttime="20200812 15:15:08.162" endtime="20200812 15:15:08.164" critical="yes"></status>
</test>
<test id="s1-s1-s1-t2" name="TC02 Login Test">
<kw name="Log To Console" library="BuiltIn">
<doc>Logs the given message to the console.</doc>
<arguments>
<arg>This is Login Test</arg>
</arguments>
<status status="PASS" starttime="20200812 15:15:08.165" endtime="20200812 15:15:08.166"></status>
</kw>
<status status="PASS" starttime="20200812 15:15:08.165" endtime="20200812 15:15:08.166" critical="yes"></status>
</test>
<test id="s1-s1-s1-t3" name="TC03 Change User Settings">
<kw name="Log To Console" library="BuiltIn">
<doc>Logs the given message to the console.</doc>
<arguments>
<arg>This is Change User Settings</arg>
</arguments>
<status status="PASS" starttime="20200812 15:15:08.169" endtime="20200812 15:15:08.169"></status>
</kw>
<status status="PASS" starttime="20200812 15:15:08.167" endtime="20200812 15:15:08.170" critical="yes"></status>
</test>
<test id="s1-s1-s1-t4" name="TC04 Logout Test">
<kw name="Log To Console" library="BuiltIn">
<doc>Logs the given message to the console.</doc>
<arguments>
<arg>This is Logout Test</arg>
</arguments>
<status status="PASS" starttime="20200812 15:15:08.172" endtime="20200812 15:15:08.174"></status>
</kw>
<status status="PASS" starttime="20200812 15:15:08.171" endtime="20200812 15:15:08.175" critical="yes"></status>
</test>
<status status="PASS" starttime="20200812 15:15:08.158" endtime="20200812 15:15:08.177"></status>
</suite>
<status status="PASS" starttime="20200812 15:15:08.152" endtime="20200812 15:15:08.181"></status>
</suite>
<status status="PASS" starttime="20200812 15:15:08.103" endtime="20200812 15:15:08.185"></status>
</suite>
<statistics>
<total>
<stat pass="4" fail="0">Critical Tests</stat>
<stat pass="4" fail="0">All Tests</stat>
</total>
<tag>
</tag>
<suite>
<stat pass="4" fail="0" id="s1" name="FirstRobotProject">FirstRobotProject</stat>
<stat pass="4" fail="0" id="s1-s1" name="Tests">FirstRobotProject.Tests</stat>
<stat pass="4" fail="0" id="s1-s1-s1" name="TC022 Tags">FirstRobotProject.Tests.TC022 Tags</stat>
</suite>
</statistics>
<errors>
</errors>
</robot>
