<?xml version="1.0" encoding="UTF-8"?>
<robot generator="Robot 3.2.1 (Python 3.8.5 on win32)" generated="20200825 15:49:08.764" rpa="false">
<suite id="s1" name="RobotProject" source="C:\Users\CHANDRASEKHARJANGA\git\RobotProject">
<suite id="s1-s1" name="ProjectUsingPOM" source="C:\Users\CHANDRASEKHARJANGA\git\RobotProject\ProjectUsingPOM">
<suite id="s1-s1-s1" name="TestCases" source="C:\Users\CHANDRASEKHARJANGA\git\RobotProject\ProjectUsingPOM\TestCases">
<suite id="s1-s1-s1-s1" name="TC001 LoginTest" source="C:\Users\CHANDRASEKHARJANGA\git\RobotProject\ProjectUsingPOM\TestCases\TC001_LoginTest.robot">
<test id="s1-s1-s1-s1-t1" name="Login Into Application">
<kw name="Open My Browser" library="keywords_LoginPage" type="setup">
<arguments>
<arg>${url}</arg>
<arg>${browser}</arg>
</arguments>
<kw name="Open Browser" library="SeleniumLibrary">
<doc>Opens a new browser instance to the optional ``url``.</doc>
<arguments>
<arg>${url}</arg>
<arg>${browser}</arg>
</arguments>
<msg timestamp="20200825 15:49:10.037" level="INFO">Opening browser 'chrome' to base url 'https://opensource-demo.orangehrmlive.com/'.</msg>
<status status="PASS" starttime="20200825 15:49:10.036" endtime="20200825 15:49:17.405"></status>
</kw>
<kw name="Maximize Browser Window" library="SeleniumLibrary">
<doc>Maximizes current browser window.</doc>
<status status="PASS" starttime="20200825 15:49:17.405" endtime="20200825 15:49:19.554"></status>
</kw>
<status status="PASS" starttime="20200825 15:49:10.035" endtime="20200825 15:49:19.555"></status>
</kw>
<kw name="Login Template">
<arguments>
<arg>https://opensource-demo.orangehrmlive.com/</arg>
<arg>firefox</arg>
<arg>Admin</arg>
<arg>admin123</arg>
</arguments>
<kw name="Enter UserName" library="keywords_LoginPage">
<arguments>
<arg>${username}</arg>
</arguments>
<kw name="Input Text" library="SeleniumLibrary">
<doc>Types the given ``text`` into the text field identified by ``locator``.</doc>
<arguments>
<arg>${text_loginUserName}</arg>
<arg>${username}</arg>
</arguments>
<msg timestamp="20200825 15:49:19.558" level="INFO">Typing text 'Admin' into text field 'xpath://input[@id='txtUsername']'.</msg>
<status status="PASS" starttime="20200825 15:49:19.558" endtime="20200825 15:49:19.809"></status>
</kw>
<status status="PASS" starttime="20200825 15:49:19.557" endtime="20200825 15:49:19.810"></status>
</kw>
<kw name="Enter Password" library="keywords_LoginPage">
<arguments>
<arg>${password}</arg>
</arguments>
<kw name="Input Password" library="SeleniumLibrary">
<doc>Types the given password into the text field identified by ``locator``.</doc>
<arguments>
<arg>${text_loginPassword}</arg>
<arg>${password}</arg>
</arguments>
<msg timestamp="20200825 15:49:19.816" level="INFO">Typing password into text field 'xpath://input[@id='txtPassword']'.</msg>
<msg timestamp="20200825 15:49:19.877" level="INFO">Temporally setting log level to: NONE</msg>
<msg timestamp="20200825 15:49:19.950" level="INFO">Log level changed from NONE to INFO.</msg>
<status status="PASS" starttime="20200825 15:49:19.815" endtime="20200825 15:49:19.951"></status>
</kw>
<status status="PASS" starttime="20200825 15:49:19.811" endtime="20200825 15:49:19.951"></status>
</kw>
<kw name="Click Submit Button" library="keywords_LoginPage">
<kw name="Click Button" library="SeleniumLibrary">
<doc>Clicks the button identified by ``locator``.</doc>
<arguments>
<arg>${btn_submitButton}</arg>
</arguments>
<msg timestamp="20200825 15:49:19.954" level="INFO">Clicking button 'name:Submit'.</msg>
<status status="PASS" starttime="20200825 15:49:19.953" endtime="20200825 15:49:23.343"></status>
</kw>
<status status="PASS" starttime="20200825 15:49:19.952" endtime="20200825 15:49:23.344"></status>
</kw>
<kw name="Verify successful login" library="keywords_LoginPage">
<kw name="Page Should Contain" library="SeleniumLibrary">
<doc>Verifies that current page contains ``text``.</doc>
<arguments>
<arg>Dashboard</arg>
</arguments>
<msg timestamp="20200825 15:49:24.644" level="INFO">Current page contains text 'Dashboard'.</msg>
<status status="PASS" starttime="20200825 15:49:23.346" endtime="20200825 15:49:24.644"></status>
</kw>
<kw name="Title Should Be" library="SeleniumLibrary">
<doc>Verifies that the current page title equals ``title``.</doc>
<arguments>
<arg>OrangeHRM</arg>
</arguments>
<msg timestamp="20200825 15:49:24.701" level="INFO">Page title is 'OrangeHRM'.</msg>
<status status="PASS" starttime="20200825 15:49:24.645" endtime="20200825 15:49:24.701"></status>
</kw>
<status status="PASS" starttime="20200825 15:49:23.345" endtime="20200825 15:49:24.702"></status>
</kw>
<kw name="Capture My Page Screenshot" library="keywords_LoginPage">
<kw name="Capture Page Screenshot" library="SeleniumLibrary">
<doc>Takes a screenshot of the current page and embeds it into a log file.</doc>
<msg timestamp="20200825 15:49:25.161" level="INFO" html="yes">&lt;/td&gt;&lt;/tr&gt;&lt;tr&gt;&lt;td colspan="3"&gt;&lt;a href="selenium-screenshot-1.png"&gt;&lt;img src="selenium-screenshot-1.png" width="800px"&gt;&lt;/a&gt;</msg>
<status status="PASS" starttime="20200825 15:49:24.703" endtime="20200825 15:49:25.162"></status>
</kw>
<status status="PASS" starttime="20200825 15:49:24.703" endtime="20200825 15:49:25.163"></status>
</kw>
<status status="PASS" starttime="20200825 15:49:19.556" endtime="20200825 15:49:25.164"></status>
</kw>
<kw name="Close My Browser" library="keywords_LoginPage" type="teardown">
<kw name="Close All Browsers" library="SeleniumLibrary">
<doc>Closes all open browsers and resets the browser cache.</doc>
<status status="PASS" starttime="20200825 15:49:25.169" endtime="20200825 15:49:27.528"></status>
</kw>
<status status="PASS" starttime="20200825 15:49:25.168" endtime="20200825 15:49:27.529"></status>
</kw>
<status status="PASS" starttime="20200825 15:49:10.034" endtime="20200825 15:49:27.529" critical="yes"></status>
</test>
<test id="s1-s1-s1-s1-t2" name="Login Into Application">
<kw name="Open My Browser" library="keywords_LoginPage" type="setup">
<arguments>
<arg>${url}</arg>
<arg>${browser}</arg>
</arguments>
<kw name="Open Browser" library="SeleniumLibrary">
<doc>Opens a new browser instance to the optional ``url``.</doc>
<arguments>
<arg>${url}</arg>
<arg>${browser}</arg>
</arguments>
<msg timestamp="20200825 15:49:27.535" level="INFO">Opening browser 'chrome' to base url 'https://opensource-demo.orangehrmlive.com/'.</msg>
<status status="PASS" starttime="20200825 15:49:27.535" endtime="20200825 15:49:34.014"></status>
</kw>
<kw name="Maximize Browser Window" library="SeleniumLibrary">
<doc>Maximizes current browser window.</doc>
<status status="PASS" starttime="20200825 15:49:34.015" endtime="20200825 15:49:36.142"></status>
</kw>
<status status="PASS" starttime="20200825 15:49:27.533" endtime="20200825 15:49:36.143"></status>
</kw>
<kw name="Login Template">
<arguments>
<arg>https://opensource-demo.orangehrmlive.com/</arg>
<arg>chrome</arg>
<arg>Admin</arg>
<arg>admin123</arg>
</arguments>
<kw name="Enter UserName" library="keywords_LoginPage">
<arguments>
<arg>${username}</arg>
</arguments>
<kw name="Input Text" library="SeleniumLibrary">
<doc>Types the given ``text`` into the text field identified by ``locator``.</doc>
<arguments>
<arg>${text_loginUserName}</arg>
<arg>${username}</arg>
</arguments>
<msg timestamp="20200825 15:49:36.152" level="INFO">Typing text 'Admin' into text field 'xpath://input[@id='txtUsername']'.</msg>
<status status="PASS" starttime="20200825 15:49:36.151" endtime="20200825 15:49:36.382"></status>
</kw>
<status status="PASS" starttime="20200825 15:49:36.150" endtime="20200825 15:49:36.382"></status>
</kw>
<kw name="Enter Password" library="keywords_LoginPage">
<arguments>
<arg>${password}</arg>
</arguments>
<kw name="Input Password" library="SeleniumLibrary">
<doc>Types the given password into the text field identified by ``locator``.</doc>
<arguments>
<arg>${text_loginPassword}</arg>
<arg>${password}</arg>
</arguments>
<msg timestamp="20200825 15:49:36.385" level="INFO">Typing password into text field 'xpath://input[@id='txtPassword']'.</msg>
<msg timestamp="20200825 15:49:36.442" level="INFO">Temporally setting log level to: NONE</msg>
<msg timestamp="20200825 15:49:36.534" level="INFO">Log level changed from NONE to INFO.</msg>
<status status="PASS" starttime="20200825 15:49:36.384" endtime="20200825 15:49:36.534"></status>
</kw>
<status status="PASS" starttime="20200825 15:49:36.383" endtime="20200825 15:49:36.535"></status>
</kw>
<kw name="Click Submit Button" library="keywords_LoginPage">
<kw name="Click Button" library="SeleniumLibrary">
<doc>Clicks the button identified by ``locator``.</doc>
<arguments>
<arg>${btn_submitButton}</arg>
</arguments>
<msg timestamp="20200825 15:49:36.537" level="INFO">Clicking button 'name:Submit'.</msg>
<status status="PASS" starttime="20200825 15:49:36.536" endtime="20200825 15:49:40.155"></status>
</kw>
<status status="PASS" starttime="20200825 15:49:36.535" endtime="20200825 15:49:40.156"></status>
</kw>
<kw name="Verify successful login" library="keywords_LoginPage">
<kw name="Page Should Contain" library="SeleniumLibrary">
<doc>Verifies that current page contains ``text``.</doc>
<arguments>
<arg>Dashboard</arg>
</arguments>
<msg timestamp="20200825 15:49:40.220" level="INFO">Current page contains text 'Dashboard'.</msg>
<status status="PASS" starttime="20200825 15:49:40.158" endtime="20200825 15:49:40.221"></status>
</kw>
<kw name="Title Should Be" library="SeleniumLibrary">
<doc>Verifies that the current page title equals ``title``.</doc>
<arguments>
<arg>OrangeHRM</arg>
</arguments>
<msg timestamp="20200825 15:49:40.238" level="INFO">Page title is 'OrangeHRM'.</msg>
<status status="PASS" starttime="20200825 15:49:40.221" endtime="20200825 15:49:40.239"></status>
</kw>
<status status="PASS" starttime="20200825 15:49:40.157" endtime="20200825 15:49:40.239"></status>
</kw>
<kw name="Capture My Page Screenshot" library="keywords_LoginPage">
<kw name="Capture Page Screenshot" library="SeleniumLibrary">
<doc>Takes a screenshot of the current page and embeds it into a log file.</doc>
<msg timestamp="20200825 15:49:41.587" level="INFO" html="yes">&lt;/td&gt;&lt;/tr&gt;&lt;tr&gt;&lt;td colspan="3"&gt;&lt;a href="selenium-screenshot-2.png"&gt;&lt;img src="selenium-screenshot-2.png" width="800px"&gt;&lt;/a&gt;</msg>
<status status="PASS" starttime="20200825 15:49:40.241" endtime="20200825 15:49:41.587"></status>
</kw>
<status status="PASS" starttime="20200825 15:49:40.240" endtime="20200825 15:49:41.588"></status>
</kw>
<status status="PASS" starttime="20200825 15:49:36.144" endtime="20200825 15:49:41.588"></status>
</kw>
<kw name="Close My Browser" library="keywords_LoginPage" type="teardown">
<kw name="Close All Browsers" library="SeleniumLibrary">
<doc>Closes all open browsers and resets the browser cache.</doc>
<status status="PASS" starttime="20200825 15:49:41.590" endtime="20200825 15:49:43.958"></status>
</kw>
<status status="PASS" starttime="20200825 15:49:41.589" endtime="20200825 15:49:43.960"></status>
</kw>
<status status="PASS" starttime="20200825 15:49:27.531" endtime="20200825 15:49:43.960" critical="yes"></status>
</test>
<status status="PASS" starttime="20200825 15:49:08.875" endtime="20200825 15:49:43.964"></status>
</suite>
<status status="PASS" starttime="20200825 15:49:08.870" endtime="20200825 15:49:43.973"></status>
</suite>
<status status="PASS" starttime="20200825 15:49:08.865" endtime="20200825 15:49:43.981"></status>
</suite>
<status status="PASS" starttime="20200825 15:49:08.840" endtime="20200825 15:49:43.987"></status>
</suite>
<statistics>
<total>
<stat pass="2" fail="0">Critical Tests</stat>
<stat pass="2" fail="0">All Tests</stat>
</total>
<tag>
</tag>
<suite>
<stat pass="2" fail="0" id="s1" name="RobotProject">RobotProject</stat>
<stat pass="2" fail="0" id="s1-s1" name="ProjectUsingPOM">RobotProject.ProjectUsingPOM</stat>
<stat pass="2" fail="0" id="s1-s1-s1" name="TestCases">RobotProject.ProjectUsingPOM.TestCases</stat>
<stat pass="2" fail="0" id="s1-s1-s1-s1" name="TC001 LoginTest">RobotProject.ProjectUsingPOM.TestCases.TC001 LoginTest</stat>
</suite>
</statistics>
<errors>
<msg timestamp="20200825 15:49:27.531" level="WARN">Multiple test cases with name 'Login Into Application' executed in test suite 'RobotProject.ProjectUsingPOM.TestCases.TC001 LoginTest'.</msg>
</errors>
</robot>
