<?xml version="1.0" encoding="UTF-8"?>
<robot generator="Robot 3.2.1 (Python 3.8.5 on win32)" generated="20200821 15:15:11.908" rpa="false">
<suite id="s1" name="TC001 LoginTest" source="C:\Users\CHANDRASEKHARJANGA\git\RobotProject\ProjectUsingPOM\TestCases\TC001_LoginTest.robot">
<test id="s1-t1" name="Login Into Application">
<kw name="Open My Browser" library="keywords_LoginPage" type="setup">
<arguments>
<arg>${url}</arg>
<arg>${browser}</arg>
</arguments>
<kw name="Open Browser" library="SeleniumLibrary">
<doc>Opens a new browser instance to the optional ``url``.</doc>
<arguments>
<arg>${url}</arg>
<arg>${browser}</arg>
</arguments>
<msg timestamp="20200821 15:15:13.290" level="INFO">Opening browser 'chrome' to base url 'https://opensource-demo.orangehrmlive.com/'.</msg>
<status status="PASS" starttime="20200821 15:15:13.290" endtime="20200821 15:15:17.906"></status>
</kw>
<kw name="Maximize Browser Window" library="SeleniumLibrary">
<doc>Maximizes current browser window.</doc>
<status status="PASS" starttime="20200821 15:15:17.906" endtime="20200821 15:15:20.040"></status>
</kw>
<status status="PASS" starttime="20200821 15:15:13.289" endtime="20200821 15:15:20.040"></status>
</kw>
<kw name="Login Template">
<arguments>
<arg>https://opensource-demo.orangehrmlive.com/</arg>
<arg>firefox</arg>
<arg>Admin</arg>
<arg>admin123</arg>
</arguments>
<kw name="Enter UserName" library="keywords_LoginPage">
<arguments>
<arg>${username}</arg>
</arguments>
<kw name="Input Text" library="SeleniumLibrary">
<doc>Types the given ``text`` into the text field identified by ``locator``.</doc>
<arguments>
<arg>${text_loginUserName}</arg>
<arg>${username}</arg>
</arguments>
<msg timestamp="20200821 15:15:20.043" level="INFO">Typing text 'Admin' into text field 'xpath://input[@id='txtUsername']'.</msg>
<kw name="Capture Page Screenshot" library="SeleniumLibrary">
<doc>Takes a screenshot of the current page and embeds it into a log file.</doc>
<msg timestamp="20200821 15:15:20.588" level="INFO" html="yes">&lt;/td&gt;&lt;/tr&gt;&lt;tr&gt;&lt;td colspan="3"&gt;&lt;a href="selenium-screenshot-1.png"&gt;&lt;img src="selenium-screenshot-1.png" width="800px"&gt;&lt;/a&gt;</msg>
<status status="PASS" starttime="20200821 15:15:20.073" endtime="20200821 15:15:20.588"></status>
</kw>
<msg timestamp="20200821 15:15:20.592" level="FAIL">Element with locator 'xpath://input[@id='txtUsername']' not found.</msg>
<status status="FAIL" starttime="20200821 15:15:20.043" endtime="20200821 15:15:20.592"></status>
</kw>
<status status="FAIL" starttime="20200821 15:15:20.042" endtime="20200821 15:15:20.592"></status>
</kw>
<status status="FAIL" starttime="20200821 15:15:20.041" endtime="20200821 15:15:20.592"></status>
</kw>
<kw name="Close My Browser" library="keywords_LoginPage" type="teardown">
<kw name="Close All Browsers" library="SeleniumLibrary">
<doc>Closes all open browsers and resets the browser cache.</doc>
<status status="PASS" starttime="20200821 15:15:20.594" endtime="20200821 15:15:22.875"></status>
</kw>
<status status="PASS" starttime="20200821 15:15:20.593" endtime="20200821 15:15:22.876"></status>
</kw>
<status status="FAIL" starttime="20200821 15:15:13.289" endtime="20200821 15:15:22.880" critical="yes">Element with locator 'xpath://input[@id='txtUsername']' not found.</status>
</test>
<test id="s1-t2" name="Login Into Application">
<kw name="Open My Browser" library="keywords_LoginPage" type="setup">
<arguments>
<arg>${url}</arg>
<arg>${browser}</arg>
</arguments>
<kw name="Open Browser" library="SeleniumLibrary">
<doc>Opens a new browser instance to the optional ``url``.</doc>
<arguments>
<arg>${url}</arg>
<arg>${browser}</arg>
</arguments>
<msg timestamp="20200821 15:15:22.891" level="INFO">Opening browser 'chrome' to base url 'https://opensource-demo.orangehrmlive.com/'.</msg>
<status status="PASS" starttime="20200821 15:15:22.890" endtime="20200821 15:15:27.790"></status>
</kw>
<kw name="Maximize Browser Window" library="SeleniumLibrary">
<doc>Maximizes current browser window.</doc>
<status status="PASS" starttime="20200821 15:15:27.791" endtime="20200821 15:15:29.938"></status>
</kw>
<status status="PASS" starttime="20200821 15:15:22.887" endtime="20200821 15:15:29.938"></status>
</kw>
<kw name="Login Template">
<arguments>
<arg>https://opensource-demo.orangehrmlive.com/</arg>
<arg>chrome</arg>
<arg>Admin</arg>
<arg>admin123</arg>
</arguments>
<kw name="Enter UserName" library="keywords_LoginPage">
<arguments>
<arg>${username}</arg>
</arguments>
<kw name="Input Text" library="SeleniumLibrary">
<doc>Types the given ``text`` into the text field identified by ``locator``.</doc>
<arguments>
<arg>${text_loginUserName}</arg>
<arg>${username}</arg>
</arguments>
<msg timestamp="20200821 15:15:29.945" level="INFO">Typing text 'Admin' into text field 'xpath://input[@id='txtUsername']'.</msg>
<kw name="Capture Page Screenshot" library="SeleniumLibrary">
<doc>Takes a screenshot of the current page and embeds it into a log file.</doc>
<msg timestamp="20200821 15:15:30.512" level="INFO" html="yes">&lt;/td&gt;&lt;/tr&gt;&lt;tr&gt;&lt;td colspan="3"&gt;&lt;a href="selenium-screenshot-2.png"&gt;&lt;img src="selenium-screenshot-2.png" width="800px"&gt;&lt;/a&gt;</msg>
<status status="PASS" starttime="20200821 15:15:29.979" endtime="20200821 15:15:30.512"></status>
</kw>
<msg timestamp="20200821 15:15:30.514" level="FAIL">Element with locator 'xpath://input[@id='txtUsername']' not found.</msg>
<status status="FAIL" starttime="20200821 15:15:29.944" endtime="20200821 15:15:30.514"></status>
</kw>
<status status="FAIL" starttime="20200821 15:15:29.943" endtime="20200821 15:15:30.514"></status>
</kw>
<status status="FAIL" starttime="20200821 15:15:29.941" endtime="20200821 15:15:30.515"></status>
</kw>
<kw name="Close My Browser" library="keywords_LoginPage" type="teardown">
<kw name="Close All Browsers" library="SeleniumLibrary">
<doc>Closes all open browsers and resets the browser cache.</doc>
<status status="PASS" starttime="20200821 15:15:30.516" endtime="20200821 15:15:32.878"></status>
</kw>
<status status="PASS" starttime="20200821 15:15:30.516" endtime="20200821 15:15:32.879"></status>
</kw>
<status status="FAIL" starttime="20200821 15:15:22.885" endtime="20200821 15:15:32.893" critical="yes">Element with locator 'xpath://input[@id='txtUsername']' not found.</status>
</test>
<status status="FAIL" starttime="20200821 15:15:11.911" endtime="20200821 15:15:32.898"></status>
</suite>
<statistics>
<total>
<stat pass="0" fail="2">Critical Tests</stat>
<stat pass="0" fail="2">All Tests</stat>
</total>
<tag>
</tag>
<suite>
<stat pass="0" fail="2" id="s1" name="TC001 LoginTest">TC001 LoginTest</stat>
</suite>
</statistics>
<errors>
<msg timestamp="20200821 15:15:22.885" level="WARN">Multiple test cases with name 'Login Into Application' executed in test suite 'TC001 LoginTest'.</msg>
</errors>
</robot>
