<?xml version="1.0" encoding="UTF-8"?>
<robot generator="Robot 3.2.1 (Python 3.8.5 on win32)" generated="20200812 15:47:57.508" rpa="false">
<suite id="s1" name="TC022 Tags" source="C:\Users\CHANDRASEKHARJANGA\git\RobotProject\FirstRobotProject\tests\TC022_Tags.robot">
<test id="s1-t1" name="TC02 Login Test">
<kw name="Log To Console" library="BuiltIn">
<doc>Logs the given message to the console.</doc>
<arguments>
<arg>This is Login Test</arg>
</arguments>
<status status="PASS" starttime="20200812 15:47:57.553" endtime="20200812 15:47:57.554"></status>
</kw>
<tags>
<tag>Sanity</tag>
</tags>
<status status="PASS" starttime="20200812 15:47:57.553" endtime="20200812 15:47:57.554" critical="yes"></status>
</test>
<test id="s1-t2" name="TC04 Logout Test">
<kw name="Log To Console" library="BuiltIn">
<doc>Logs the given message to the console.</doc>
<arguments>
<arg>This is Logout Test</arg>
</arguments>
<status status="PASS" starttime="20200812 15:47:57.555" endtime="20200812 15:47:57.555"></status>
</kw>
<tags>
<tag>Sanity</tag>
</tags>
<status status="PASS" starttime="20200812 15:47:57.555" endtime="20200812 15:47:57.556" critical="yes"></status>
</test>
<status status="PASS" starttime="20200812 15:47:57.512" endtime="20200812 15:47:57.556"></status>
</suite>
<statistics>
<total>
<stat pass="2" fail="0">Critical Tests</stat>
<stat pass="2" fail="0">All Tests</stat>
</total>
<tag>
<stat pass="2" fail="0">Sanity</stat>
</tag>
<suite>
<stat pass="2" fail="0" id="s1" name="TC022 Tags">TC022 Tags</stat>
</suite>
</statistics>
<errors>
</errors>
</robot>
