<?xml version="1.0" encoding="UTF-8"?>
<robot generator="Robot 3.2.1 (Python 3.8.5 on win32)" generated="20200806 10:20:43.818" rpa="false">
<suite id="s1" name="FirstTestSuite" source="C:\Users\CHANDRASEKHARJANGA\eclipse-workspace\RobotFramework\FirstRobotProject\tests\FirstTestSuite.robot">
<kw name="Log" library="BuiltIn" type="setup">
<doc>Logs the given message with the given level.</doc>
<arguments>
<arg>I am inside Test Suite Setup</arg>
</arguments>
<msg timestamp="20200806 10:20:44.092" level="INFO">I am inside Test Suite Setup</msg>
<status status="PASS" starttime="20200806 10:20:44.092" endtime="20200806 10:20:44.093"></status>
</kw>
<test id="s1-t1" name="MyFirstTest">
<kw name="Log" library="BuiltIn" type="setup">
<doc>Logs the given message with the given level.</doc>
<arguments>
<arg>I am inside Test Setup</arg>
</arguments>
<msg timestamp="20200806 10:20:44.093" level="INFO">I am inside Test Setup</msg>
<status status="PASS" starttime="20200806 10:20:44.093" endtime="20200806 10:20:44.093"></status>
</kw>
<kw name="Log" library="BuiltIn">
<doc>Logs the given message with the given level.</doc>
<arguments>
<arg>Hello World...</arg>
</arguments>
<msg timestamp="20200806 10:20:44.094" level="INFO">Hello World...</msg>
<status status="PASS" starttime="20200806 10:20:44.094" endtime="20200806 10:20:44.094"></status>
</kw>
<kw name="Log" library="BuiltIn" type="teardown">
<doc>Logs the given message with the given level.</doc>
<arguments>
<arg>I am insite Test TearDown</arg>
</arguments>
<msg timestamp="20200806 10:20:44.095" level="INFO">I am insite Test TearDown</msg>
<status status="PASS" starttime="20200806 10:20:44.095" endtime="20200806 10:20:44.095"></status>
</kw>
<tags>
<tag>Regression</tag>
</tags>
<status status="PASS" starttime="20200806 10:20:44.093" endtime="20200806 10:20:44.095" critical="yes"></status>
</test>
<test id="s1-t2" name="MyLastTest">
<kw name="Log" library="BuiltIn" type="setup">
<doc>Logs the given message with the given level.</doc>
<arguments>
<arg>I am inside Test Setup</arg>
</arguments>
<msg timestamp="20200806 10:20:44.096" level="INFO">I am inside Test Setup</msg>
<status status="PASS" starttime="20200806 10:20:44.096" endtime="20200806 10:20:44.096"></status>
</kw>
<kw name="Log" library="BuiltIn">
<doc>Logs the given message with the given level.</doc>
<arguments>
<arg>I am in the last test</arg>
</arguments>
<msg timestamp="20200806 10:20:44.097" level="INFO">I am in the last test</msg>
<status status="PASS" starttime="20200806 10:20:44.097" endtime="20200806 10:20:44.097"></status>
</kw>
<kw name="Log" library="BuiltIn" type="teardown">
<doc>Logs the given message with the given level.</doc>
<arguments>
<arg>I am insite Test TearDown</arg>
</arguments>
<msg timestamp="20200806 10:20:44.098" level="INFO">I am insite Test TearDown</msg>
<status status="PASS" starttime="20200806 10:20:44.097" endtime="20200806 10:20:44.098"></status>
</kw>
<tags>
<tag>Sanity</tag>
</tags>
<status status="PASS" starttime="20200806 10:20:44.096" endtime="20200806 10:20:44.098" critical="yes"></status>
</test>
<kw name="Log" library="BuiltIn" type="teardown">
<doc>Logs the given message with the given level.</doc>
<arguments>
<arg>I am inside Test Suite TearDown</arg>
</arguments>
<msg timestamp="20200806 10:20:44.099" level="INFO">I am inside Test Suite TearDown</msg>
<status status="PASS" starttime="20200806 10:20:44.099" endtime="20200806 10:20:44.099"></status>
</kw>
<status status="PASS" starttime="20200806 10:20:43.821" endtime="20200806 10:20:44.099"></status>
</suite>
<statistics>
<total>
<stat pass="2" fail="0">Critical Tests</stat>
<stat pass="2" fail="0">All Tests</stat>
</total>
<tag>
<stat pass="1" fail="0">Regression</stat>
<stat pass="1" fail="0">Sanity</stat>
</tag>
<suite>
<stat pass="2" fail="0" id="s1" name="FirstTestSuite">FirstTestSuite</stat>
</suite>
</statistics>
<errors>
</errors>
</robot>
