<?xml version="1.0" encoding="UTF-8"?>
<robot generator="Robot 3.2.1 (Python 3.8.5 on win32)" generated="20200821 11:15:12.393" rpa="false">
<suite id="s1" name="ProjectUsingPOM" source="C:\Users\CHANDRASEKHARJANGA\git\RobotProject\ProjectUsingPOM">
<suite id="s1-s1" name="TestCases" source="C:\Users\CHANDRASEKHARJANGA\git\RobotProject\ProjectUsingPOM\TestCases">
<suite id="s1-s1-s1" name="TC001 LoginTest" source="C:\Users\CHANDRASEKHARJANGA\git\RobotProject\ProjectUsingPOM\TestCases\TC001_LoginTest.robot">
<test id="s1-s1-s1-t1" name="Login Into Application">
<kw name="Login Template">
<arguments>
<arg>https://opensource-demo.orangehrmlive.com/</arg>
<arg>firefox</arg>
<arg>Admin</arg>
<arg>admin123</arg>
</arguments>
<kw name="Open My Browser" library="KeyWords_LoginPage">
<arguments>
<arg>${url}</arg>
<arg>${browser}</arg>
</arguments>
<kw name="Open Browser" library="SeleniumLibrary">
<doc>Opens a new browser instance to the optional ``url``.</doc>
<arguments>
<arg>${url}</arg>
<arg>${browser}</arg>
</arguments>
<msg timestamp="20200821 11:15:13.311" level="INFO">Opening browser 'firefox' to base url 'https://opensource-demo.orangehrmlive.com/'.</msg>
<msg timestamp="20200821 11:15:13.312" level="INFO">Firefox driver log is always forced to to: C:\Users\CHANDRASEKHARJANGA\git\RobotProject\ProjectUsingPOM\geckodriver-2.log</msg>
<status status="PASS" starttime="20200821 11:15:13.310" endtime="20200821 11:15:22.941"></status>
</kw>
<kw name="Maximize Browser Window" library="SeleniumLibrary">
<doc>Maximizes current browser window.</doc>
<status status="PASS" starttime="20200821 11:15:22.942" endtime="20200821 11:15:23.218"></status>
</kw>
<status status="PASS" starttime="20200821 11:15:13.309" endtime="20200821 11:15:23.219"></status>
</kw>
<kw name="Enter UserName" library="KeyWords_LoginPage">
<arguments>
<arg>${username}</arg>
</arguments>
<kw name="Input Text" library="SeleniumLibrary">
<doc>Types the given ``text`` into the text field identified by ``locator``.</doc>
<arguments>
<arg>${text_loginUserName}</arg>
<arg>${username}</arg>
</arguments>
<msg timestamp="20200821 11:15:23.220" level="INFO">Typing text 'Admin' into text field 'xpath://input[@id='txtUsername']'.</msg>
<status status="PASS" starttime="20200821 11:15:23.220" endtime="20200821 11:15:23.268"></status>
</kw>
<status status="PASS" starttime="20200821 11:15:23.219" endtime="20200821 11:15:23.268"></status>
</kw>
<kw name="Enter Password" library="KeyWords_LoginPage">
<arguments>
<arg>${password}</arg>
</arguments>
<kw name="Input Password" library="SeleniumLibrary">
<doc>Types the given password into the text field identified by ``locator``.</doc>
<arguments>
<arg>${text_loginPassword}</arg>
<arg>${password}</arg>
</arguments>
<msg timestamp="20200821 11:15:23.271" level="INFO">Typing password into text field 'xpath://input[@id='txtPassword']'.</msg>
<msg timestamp="20200821 11:15:23.288" level="INFO">Temporally setting log level to: NONE</msg>
<msg timestamp="20200821 11:15:23.316" level="INFO">Log level changed from NONE to INFO.</msg>
<status status="PASS" starttime="20200821 11:15:23.270" endtime="20200821 11:15:23.316"></status>
</kw>
<status status="PASS" starttime="20200821 11:15:23.269" endtime="20200821 11:15:23.317"></status>
</kw>
<kw name="Click Submit Button" library="KeyWords_LoginPage">
<kw name="Click Button" library="SeleniumLibrary">
<doc>Clicks the button identified by ``locator``.</doc>
<arguments>
<arg>${btn_submitButton}</arg>
</arguments>
<msg timestamp="20200821 11:15:23.318" level="INFO">Clicking button 'name:Submit'.</msg>
<status status="PASS" starttime="20200821 11:15:23.317" endtime="20200821 11:15:26.737"></status>
</kw>
<status status="PASS" starttime="20200821 11:15:23.317" endtime="20200821 11:15:26.738"></status>
</kw>
<kw name="Verify successful login" library="KeyWords_LoginPage">
<kw name="Page Should Contain" library="SeleniumLibrary">
<doc>Verifies that current page contains ``text``.</doc>
<arguments>
<arg>Dashboard</arg>
</arguments>
<msg timestamp="20200821 11:15:26.771" level="INFO">Current page contains text 'Dashboard'.</msg>
<status status="PASS" starttime="20200821 11:15:26.740" endtime="20200821 11:15:26.771"></status>
</kw>
<kw name="Title Should Be" library="SeleniumLibrary">
<doc>Verifies that the current page title equals ``title``.</doc>
<arguments>
<arg>OrangeHRM</arg>
</arguments>
<msg timestamp="20200821 11:15:26.779" level="INFO">Page title is 'OrangeHRM'.</msg>
<status status="PASS" starttime="20200821 11:15:26.772" endtime="20200821 11:15:26.780"></status>
</kw>
<status status="PASS" starttime="20200821 11:15:26.739" endtime="20200821 11:15:26.781"></status>
</kw>
<kw name="Capture My Page Screenshot" library="KeyWords_LoginPage">
<kw name="Capture Page Screenshot" library="SeleniumLibrary">
<doc>Takes a screenshot of the current page and embeds it into a log file.</doc>
<msg timestamp="20200821 11:15:26.974" level="INFO" html="yes">&lt;/td&gt;&lt;/tr&gt;&lt;tr&gt;&lt;td colspan="3"&gt;&lt;a href="selenium-screenshot-3.png"&gt;&lt;img src="selenium-screenshot-3.png" width="800px"&gt;&lt;/a&gt;</msg>
<status status="PASS" starttime="20200821 11:15:26.783" endtime="20200821 11:15:26.975"></status>
</kw>
<status status="PASS" starttime="20200821 11:15:26.781" endtime="20200821 11:15:26.976"></status>
</kw>
<kw name="Close My Browser" library="KeyWords_LoginPage">
<kw name="Close All Browsers" library="SeleniumLibrary">
<doc>Closes all open browsers and resets the browser cache.</doc>
<status status="PASS" starttime="20200821 11:15:26.978" endtime="20200821 11:15:28.099"></status>
</kw>
<status status="PASS" starttime="20200821 11:15:26.977" endtime="20200821 11:15:28.100"></status>
</kw>
<status status="PASS" starttime="20200821 11:15:13.308" endtime="20200821 11:15:28.101"></status>
</kw>
<status status="PASS" starttime="20200821 11:15:13.307" endtime="20200821 11:15:28.101" critical="yes"></status>
</test>
<test id="s1-s1-s1-t2" name="Login Into Application">
<kw name="Login Template">
<arguments>
<arg>https://opensource-demo.orangehrmlive.com/</arg>
<arg>chrome</arg>
<arg>Admin</arg>
<arg>admin123</arg>
</arguments>
<kw name="Open My Browser" library="KeyWords_LoginPage">
<arguments>
<arg>${url}</arg>
<arg>${browser}</arg>
</arguments>
<kw name="Open Browser" library="SeleniumLibrary">
<doc>Opens a new browser instance to the optional ``url``.</doc>
<arguments>
<arg>${url}</arg>
<arg>${browser}</arg>
</arguments>
<msg timestamp="20200821 11:15:28.107" level="INFO">Opening browser 'chrome' to base url 'https://opensource-demo.orangehrmlive.com/'.</msg>
<status status="PASS" starttime="20200821 11:15:28.106" endtime="20200821 11:15:34.261"></status>
</kw>
<kw name="Maximize Browser Window" library="SeleniumLibrary">
<doc>Maximizes current browser window.</doc>
<status status="PASS" starttime="20200821 11:15:34.263" endtime="20200821 11:15:36.386"></status>
</kw>
<status status="PASS" starttime="20200821 11:15:28.105" endtime="20200821 11:15:36.386"></status>
</kw>
<kw name="Enter UserName" library="KeyWords_LoginPage">
<arguments>
<arg>${username}</arg>
</arguments>
<kw name="Input Text" library="SeleniumLibrary">
<doc>Types the given ``text`` into the text field identified by ``locator``.</doc>
<arguments>
<arg>${text_loginUserName}</arg>
<arg>${username}</arg>
</arguments>
<msg timestamp="20200821 11:15:36.388" level="INFO">Typing text 'Admin' into text field 'xpath://input[@id='txtUsername']'.</msg>
<status status="PASS" starttime="20200821 11:15:36.387" endtime="20200821 11:15:36.536"></status>
</kw>
<status status="PASS" starttime="20200821 11:15:36.387" endtime="20200821 11:15:36.537"></status>
</kw>
<kw name="Enter Password" library="KeyWords_LoginPage">
<arguments>
<arg>${password}</arg>
</arguments>
<kw name="Input Password" library="SeleniumLibrary">
<doc>Types the given password into the text field identified by ``locator``.</doc>
<arguments>
<arg>${text_loginPassword}</arg>
<arg>${password}</arg>
</arguments>
<msg timestamp="20200821 11:15:36.538" level="INFO">Typing password into text field 'xpath://input[@id='txtPassword']'.</msg>
<msg timestamp="20200821 11:15:36.586" level="INFO">Temporally setting log level to: NONE</msg>
<msg timestamp="20200821 11:15:36.649" level="INFO">Log level changed from NONE to INFO.</msg>
<status status="PASS" starttime="20200821 11:15:36.538" endtime="20200821 11:15:36.649"></status>
</kw>
<status status="PASS" starttime="20200821 11:15:36.537" endtime="20200821 11:15:36.649"></status>
</kw>
<kw name="Click Submit Button" library="KeyWords_LoginPage">
<kw name="Click Button" library="SeleniumLibrary">
<doc>Clicks the button identified by ``locator``.</doc>
<arguments>
<arg>${btn_submitButton}</arg>
</arguments>
<msg timestamp="20200821 11:15:36.651" level="INFO">Clicking button 'name:Submit'.</msg>
<status status="PASS" starttime="20200821 11:15:36.650" endtime="20200821 11:15:40.950"></status>
</kw>
<status status="PASS" starttime="20200821 11:15:36.650" endtime="20200821 11:15:40.950"></status>
</kw>
<kw name="Verify successful login" library="KeyWords_LoginPage">
<kw name="Page Should Contain" library="SeleniumLibrary">
<doc>Verifies that current page contains ``text``.</doc>
<arguments>
<arg>Dashboard</arg>
</arguments>
<msg timestamp="20200821 11:15:40.983" level="INFO">Current page contains text 'Dashboard'.</msg>
<status status="PASS" starttime="20200821 11:15:40.953" endtime="20200821 11:15:40.984"></status>
</kw>
<kw name="Title Should Be" library="SeleniumLibrary">
<doc>Verifies that the current page title equals ``title``.</doc>
<arguments>
<arg>OrangeHRM</arg>
</arguments>
<msg timestamp="20200821 11:15:40.992" level="INFO">Page title is 'OrangeHRM'.</msg>
<status status="PASS" starttime="20200821 11:15:40.985" endtime="20200821 11:15:40.992"></status>
</kw>
<status status="PASS" starttime="20200821 11:15:40.951" endtime="20200821 11:15:40.992"></status>
</kw>
<kw name="Capture My Page Screenshot" library="KeyWords_LoginPage">
<kw name="Capture Page Screenshot" library="SeleniumLibrary">
<doc>Takes a screenshot of the current page and embeds it into a log file.</doc>
<msg timestamp="20200821 11:15:41.337" level="INFO" html="yes">&lt;/td&gt;&lt;/tr&gt;&lt;tr&gt;&lt;td colspan="3"&gt;&lt;a href="selenium-screenshot-4.png"&gt;&lt;img src="selenium-screenshot-4.png" width="800px"&gt;&lt;/a&gt;</msg>
<status status="PASS" starttime="20200821 11:15:40.993" endtime="20200821 11:15:41.338"></status>
</kw>
<status status="PASS" starttime="20200821 11:15:40.993" endtime="20200821 11:15:41.339"></status>
</kw>
<kw name="Close My Browser" library="KeyWords_LoginPage">
<kw name="Close All Browsers" library="SeleniumLibrary">
<doc>Closes all open browsers and resets the browser cache.</doc>
<status status="PASS" starttime="20200821 11:15:41.340" endtime="20200821 11:15:43.614"></status>
</kw>
<status status="PASS" starttime="20200821 11:15:41.339" endtime="20200821 11:15:43.615"></status>
</kw>
<status status="PASS" starttime="20200821 11:15:28.104" endtime="20200821 11:15:43.617"></status>
</kw>
<status status="PASS" starttime="20200821 11:15:28.102" endtime="20200821 11:15:43.619" critical="yes"></status>
</test>
<status status="PASS" starttime="20200821 11:15:12.462" endtime="20200821 11:15:43.624"></status>
</suite>
<status status="PASS" starttime="20200821 11:15:12.459" endtime="20200821 11:15:43.635"></status>
</suite>
<status status="PASS" starttime="20200821 11:15:12.434" endtime="20200821 11:15:43.640"></status>
</suite>
<statistics>
<total>
<stat pass="2" fail="0">Critical Tests</stat>
<stat pass="2" fail="0">All Tests</stat>
</total>
<tag>
</tag>
<suite>
<stat pass="2" fail="0" id="s1" name="ProjectUsingPOM">ProjectUsingPOM</stat>
<stat pass="2" fail="0" id="s1-s1" name="TestCases">ProjectUsingPOM.TestCases</stat>
<stat pass="2" fail="0" id="s1-s1-s1" name="TC001 LoginTest">ProjectUsingPOM.TestCases.TC001 LoginTest</stat>
</suite>
</statistics>
<errors>
<msg timestamp="20200821 11:15:28.102" level="WARN">Multiple test cases with name 'Login Into Application' executed in test suite 'ProjectUsingPOM.TestCases.TC001 LoginTest'.</msg>
</errors>
</robot>
