<?xml version="1.0" encoding="UTF-8"?>
<robot generator="Robot 3.2.1 (Python 3.8.5 on win32)" generated="20200903 15:55:48.886" rpa="false">
<suite id="s1" name="ProjectUsingPOM" source="C:\Users\CHANDRASEKHARJANGA\git\RobotProject\ProjectUsingPOM">
<suite id="s1-s1" name="TestCases" source="C:\Users\CHANDRASEKHARJANGA\git\RobotProject\ProjectUsingPOM\TestCases">
<suite id="s1-s1-s1" name="TC001 LoginTest" source="C:\Users\CHANDRASEKHARJANGA\git\RobotProject\ProjectUsingPOM\TestCases\TC001_LoginTest.robot">
<test id="s1-s1-s1-t1" name="Login Into Application">
<kw name="Open My Browser" library="keywords_LoginPage" type="setup">
<arguments>
<arg>${url}</arg>
<arg>${browser}</arg>
</arguments>
<kw name="Open Browser" library="SeleniumLibrary">
<doc>Opens a new browser instance to the optional ``url``.</doc>
<arguments>
<arg>${url}</arg>
<arg>${browser}</arg>
</arguments>
<msg timestamp="20200903 15:55:50.332" level="INFO">Opening browser 'chrome' to base url 'https://opensource-demo.orangehrmlive.com/'.</msg>
<status status="PASS" starttime="20200903 15:55:50.331" endtime="20200903 15:55:56.942"></status>
</kw>
<kw name="Maximize Browser Window" library="SeleniumLibrary">
<doc>Maximizes current browser window.</doc>
<status status="PASS" starttime="20200903 15:55:56.942" endtime="20200903 15:55:59.104"></status>
</kw>
<status status="PASS" starttime="20200903 15:55:50.329" endtime="20200903 15:55:59.105"></status>
</kw>
<kw name="Login Template">
<arguments>
<arg>https://opensource-demo.orangehrmlive.com/</arg>
<arg>firefox</arg>
<arg>Admin</arg>
<arg>admin123</arg>
</arguments>
<kw name="Enter UserName" library="keywords_LoginPage">
<arguments>
<arg>${username}</arg>
</arguments>
<kw name="Input Text" library="SeleniumLibrary">
<doc>Types the given ``text`` into the text field identified by ``locator``.</doc>
<arguments>
<arg>${text_loginUserName}</arg>
<arg>${username}</arg>
</arguments>
<msg timestamp="20200903 15:55:59.107" level="INFO">Typing text 'Admin' into text field 'xpath://input[@id='txtUsername']'.</msg>
<status status="PASS" starttime="20200903 15:55:59.106" endtime="20200903 15:55:59.236"></status>
</kw>
<status status="PASS" starttime="20200903 15:55:59.106" endtime="20200903 15:55:59.237"></status>
</kw>
<kw name="Enter Password" library="keywords_LoginPage">
<arguments>
<arg>${password}</arg>
</arguments>
<kw name="Input Password" library="SeleniumLibrary">
<doc>Types the given password into the text field identified by ``locator``.</doc>
<arguments>
<arg>${text_loginPassword}</arg>
<arg>${password}</arg>
</arguments>
<msg timestamp="20200903 15:55:59.239" level="INFO">Typing password into text field 'xpath://input[@id='txtPassword']'.</msg>
<msg timestamp="20200903 15:55:59.282" level="INFO">Temporally setting log level to: NONE</msg>
<msg timestamp="20200903 15:55:59.324" level="INFO">Log level changed from NONE to INFO.</msg>
<status status="PASS" starttime="20200903 15:55:59.239" endtime="20200903 15:55:59.324"></status>
</kw>
<status status="PASS" starttime="20200903 15:55:59.238" endtime="20200903 15:55:59.324"></status>
</kw>
<kw name="Click Submit Button" library="keywords_LoginPage">
<kw name="Click Button" library="SeleniumLibrary">
<doc>Clicks the button identified by ``locator``.</doc>
<arguments>
<arg>${btn_submitButton}</arg>
</arguments>
<msg timestamp="20200903 15:55:59.325" level="INFO">Clicking button 'name:Submit'.</msg>
<status status="PASS" starttime="20200903 15:55:59.325" endtime="20200903 15:56:04.508"></status>
</kw>
<status status="PASS" starttime="20200903 15:55:59.325" endtime="20200903 15:56:04.509"></status>
</kw>
<kw name="Verify successful login" library="keywords_LoginPage">
<kw name="Page Should Contain" library="SeleniumLibrary">
<doc>Verifies that current page contains ``text``.</doc>
<arguments>
<arg>Dashboard</arg>
</arguments>
<msg timestamp="20200903 15:56:04.534" level="INFO">Current page contains text 'Dashboard'.</msg>
<status status="PASS" starttime="20200903 15:56:04.511" endtime="20200903 15:56:04.535"></status>
</kw>
<kw name="Title Should Be" library="SeleniumLibrary">
<doc>Verifies that the current page title equals ``title``.</doc>
<arguments>
<arg>OrangeHRM</arg>
</arguments>
<msg timestamp="20200903 15:56:04.541" level="INFO">Page title is 'OrangeHRM'.</msg>
<status status="PASS" starttime="20200903 15:56:04.535" endtime="20200903 15:56:04.542"></status>
</kw>
<status status="PASS" starttime="20200903 15:56:04.509" endtime="20200903 15:56:04.543"></status>
</kw>
<kw name="Capture My Page Screenshot" library="keywords_LoginPage">
<kw name="Capture Page Screenshot" library="SeleniumLibrary">
<doc>Takes a screenshot of the current page and embeds it into a log file.</doc>
<msg timestamp="20200903 15:56:04.892" level="INFO" html="yes">&lt;/td&gt;&lt;/tr&gt;&lt;tr&gt;&lt;td colspan="3"&gt;&lt;a href="selenium-screenshot-1.png"&gt;&lt;img src="selenium-screenshot-1.png" width="800px"&gt;&lt;/a&gt;</msg>
<status status="PASS" starttime="20200903 15:56:04.544" endtime="20200903 15:56:04.892"></status>
</kw>
<status status="PASS" starttime="20200903 15:56:04.544" endtime="20200903 15:56:04.893"></status>
</kw>
<status status="PASS" starttime="20200903 15:55:59.105" endtime="20200903 15:56:04.894"></status>
</kw>
<kw name="Close My Browser" library="keywords_LoginPage" type="teardown">
<kw name="Close All Browsers" library="SeleniumLibrary">
<doc>Closes all open browsers and resets the browser cache.</doc>
<status status="PASS" starttime="20200903 15:56:04.895" endtime="20200903 15:56:07.120"></status>
</kw>
<status status="PASS" starttime="20200903 15:56:04.894" endtime="20200903 15:56:07.121"></status>
</kw>
<status status="PASS" starttime="20200903 15:55:50.326" endtime="20200903 15:56:07.123" critical="yes"></status>
</test>
<test id="s1-s1-s1-t2" name="Login Into Application">
<kw name="Open My Browser" library="keywords_LoginPage" type="setup">
<arguments>
<arg>${url}</arg>
<arg>${browser}</arg>
</arguments>
<kw name="Open Browser" library="SeleniumLibrary">
<doc>Opens a new browser instance to the optional ``url``.</doc>
<arguments>
<arg>${url}</arg>
<arg>${browser}</arg>
</arguments>
<msg timestamp="20200903 15:56:07.133" level="INFO">Opening browser 'chrome' to base url 'https://opensource-demo.orangehrmlive.com/'.</msg>
<status status="PASS" starttime="20200903 15:56:07.132" endtime="20200903 15:56:14.091"></status>
</kw>
<kw name="Maximize Browser Window" library="SeleniumLibrary">
<doc>Maximizes current browser window.</doc>
<status status="PASS" starttime="20200903 15:56:14.091" endtime="20200903 15:56:16.268"></status>
</kw>
<status status="PASS" starttime="20200903 15:56:07.129" endtime="20200903 15:56:16.268"></status>
</kw>
<kw name="Login Template">
<arguments>
<arg>https://opensource-demo.orangehrmlive.com/</arg>
<arg>chrome</arg>
<arg>Admin</arg>
<arg>admin123</arg>
</arguments>
<kw name="Enter UserName" library="keywords_LoginPage">
<arguments>
<arg>${username}</arg>
</arguments>
<kw name="Input Text" library="SeleniumLibrary">
<doc>Types the given ``text`` into the text field identified by ``locator``.</doc>
<arguments>
<arg>${text_loginUserName}</arg>
<arg>${username}</arg>
</arguments>
<msg timestamp="20200903 15:56:16.273" level="INFO">Typing text 'Admin' into text field 'xpath://input[@id='txtUsername']'.</msg>
<status status="PASS" starttime="20200903 15:56:16.271" endtime="20200903 15:56:16.402"></status>
</kw>
<status status="PASS" starttime="20200903 15:56:16.270" endtime="20200903 15:56:16.403"></status>
</kw>
<kw name="Enter Password" library="keywords_LoginPage">
<arguments>
<arg>${password}</arg>
</arguments>
<kw name="Input Password" library="SeleniumLibrary">
<doc>Types the given password into the text field identified by ``locator``.</doc>
<arguments>
<arg>${text_loginPassword}</arg>
<arg>${password}</arg>
</arguments>
<msg timestamp="20200903 15:56:16.404" level="INFO">Typing password into text field 'xpath://input[@id='txtPassword']'.</msg>
<msg timestamp="20200903 15:56:16.445" level="INFO">Temporally setting log level to: NONE</msg>
<msg timestamp="20200903 15:56:16.495" level="INFO">Log level changed from NONE to INFO.</msg>
<status status="PASS" starttime="20200903 15:56:16.404" endtime="20200903 15:56:16.496"></status>
</kw>
<status status="PASS" starttime="20200903 15:56:16.403" endtime="20200903 15:56:16.497"></status>
</kw>
<kw name="Click Submit Button" library="keywords_LoginPage">
<kw name="Click Button" library="SeleniumLibrary">
<doc>Clicks the button identified by ``locator``.</doc>
<arguments>
<arg>${btn_submitButton}</arg>
</arguments>
<msg timestamp="20200903 15:56:16.499" level="INFO">Clicking button 'name:Submit'.</msg>
<status status="PASS" starttime="20200903 15:56:16.498" endtime="20200903 15:56:21.182"></status>
</kw>
<status status="PASS" starttime="20200903 15:56:16.497" endtime="20200903 15:56:21.183"></status>
</kw>
<kw name="Verify successful login" library="keywords_LoginPage">
<kw name="Page Should Contain" library="SeleniumLibrary">
<doc>Verifies that current page contains ``text``.</doc>
<arguments>
<arg>Dashboard</arg>
</arguments>
<msg timestamp="20200903 15:56:21.215" level="INFO">Current page contains text 'Dashboard'.</msg>
<status status="PASS" starttime="20200903 15:56:21.184" endtime="20200903 15:56:21.215"></status>
</kw>
<kw name="Title Should Be" library="SeleniumLibrary">
<doc>Verifies that the current page title equals ``title``.</doc>
<arguments>
<arg>OrangeHRM</arg>
</arguments>
<msg timestamp="20200903 15:56:21.220" level="INFO">Page title is 'OrangeHRM'.</msg>
<status status="PASS" starttime="20200903 15:56:21.215" endtime="20200903 15:56:21.220"></status>
</kw>
<status status="PASS" starttime="20200903 15:56:21.183" endtime="20200903 15:56:21.220"></status>
</kw>
<kw name="Capture My Page Screenshot" library="keywords_LoginPage">
<kw name="Capture Page Screenshot" library="SeleniumLibrary">
<doc>Takes a screenshot of the current page and embeds it into a log file.</doc>
<msg timestamp="20200903 15:56:21.570" level="INFO" html="yes">&lt;/td&gt;&lt;/tr&gt;&lt;tr&gt;&lt;td colspan="3"&gt;&lt;a href="selenium-screenshot-2.png"&gt;&lt;img src="selenium-screenshot-2.png" width="800px"&gt;&lt;/a&gt;</msg>
<status status="PASS" starttime="20200903 15:56:21.221" endtime="20200903 15:56:21.571"></status>
</kw>
<status status="PASS" starttime="20200903 15:56:21.221" endtime="20200903 15:56:21.572"></status>
</kw>
<status status="PASS" starttime="20200903 15:56:16.269" endtime="20200903 15:56:21.573"></status>
</kw>
<kw name="Close My Browser" library="keywords_LoginPage" type="teardown">
<kw name="Close All Browsers" library="SeleniumLibrary">
<doc>Closes all open browsers and resets the browser cache.</doc>
<status status="PASS" starttime="20200903 15:56:21.574" endtime="20200903 15:56:23.975"></status>
</kw>
<status status="PASS" starttime="20200903 15:56:21.573" endtime="20200903 15:56:23.977"></status>
</kw>
<status status="PASS" starttime="20200903 15:56:07.127" endtime="20200903 15:56:23.978" critical="yes"></status>
</test>
<status status="PASS" starttime="20200903 15:55:48.953" endtime="20200903 15:56:23.986"></status>
</suite>
<status status="PASS" starttime="20200903 15:55:48.950" endtime="20200903 15:56:24.014"></status>
</suite>
<status status="PASS" starttime="20200903 15:55:48.925" endtime="20200903 15:56:24.019"></status>
</suite>
<statistics>
<total>
<stat pass="2" fail="0">Critical Tests</stat>
<stat pass="2" fail="0">All Tests</stat>
</total>
<tag>
</tag>
<suite>
<stat pass="2" fail="0" id="s1" name="ProjectUsingPOM">ProjectUsingPOM</stat>
<stat pass="2" fail="0" id="s1-s1" name="TestCases">ProjectUsingPOM.TestCases</stat>
<stat pass="2" fail="0" id="s1-s1-s1" name="TC001 LoginTest">ProjectUsingPOM.TestCases.TC001 LoginTest</stat>
</suite>
</statistics>
<errors>
<msg timestamp="20200903 15:55:49.195" level="WARN">Imported library 'webdriver_manager' contains no keywords.</msg>
<msg timestamp="20200903 15:56:07.126" level="WARN">Multiple test cases with name 'Login Into Application' executed in test suite 'ProjectUsingPOM.TestCases.TC001 LoginTest'.</msg>
</errors>
</robot>
