<?xml version="1.0" encoding="UTF-8"?>
<robot generator="Robot 3.2.1 (Python 3.8.5 on win32)" generated="20200824 16:54:19.296" rpa="false">
<suite id="s1" name="ProjectUsingPOM" source="C:\Users\CHANDRASEKHARJANGA\git\RobotProject\ProjectUsingPOM">
<suite id="s1-s1" name="TestCases" source="C:\Users\CHANDRASEKHARJANGA\git\RobotProject\ProjectUsingPOM\TestCases">
<suite id="s1-s1-s1" name="TC002 SalesforceLogin" source="C:\Users\CHANDRASEKHARJANGA\git\RobotProject\ProjectUsingPOM\TestCases\TC002_SalesforceLogin.robot">
<test id="s1-s1-s1-t1" name="Login Salesforce Test">
<kw name="Login Template">
<arguments>
<arg>https://login.salesforce.com/</arg>
<arg>chrome</arg>
<arg>jcsreddy@gmail.com</arg>
<arg>sekhar123</arg>
</arguments>
<kw name="Open The Browser" library="keywords_LoginSalesforcePage">
<arguments>
<arg>${url}</arg>
<arg>${browser}</arg>
</arguments>
<kw name="Open Browser" library="SeleniumLibrary">
<doc>Opens a new browser instance to the optional ``url``.</doc>
<arguments>
<arg>${url}</arg>
<arg>${browser}</arg>
</arguments>
<msg timestamp="20200824 16:54:20.719" level="INFO">Opening browser 'chrome' to base url 'https://login.salesforce.com/'.</msg>
<status status="PASS" starttime="20200824 16:54:20.719" endtime="20200824 16:54:26.395"></status>
</kw>
<kw name="Maximize Browser Window" library="SeleniumLibrary">
<doc>Maximizes current browser window.</doc>
<status status="PASS" starttime="20200824 16:54:26.395" endtime="20200824 16:54:28.742"></status>
</kw>
<status status="PASS" starttime="20200824 16:54:20.718" endtime="20200824 16:54:28.743"></status>
</kw>
<kw name="Enter The UserName" library="keywords_LoginSalesforcePage">
<arguments>
<arg>${username}</arg>
</arguments>
<kw name="Input Text" library="SeleniumLibrary">
<doc>Types the given ``text`` into the text field identified by ``locator``.</doc>
<arguments>
<arg>${text_UserName}</arg>
<arg>${username}</arg>
</arguments>
<msg timestamp="20200824 16:54:28.751" level="INFO">Typing text 'jcsreddy@gmail.com' into text field 'id=username'.</msg>
<status status="PASS" starttime="20200824 16:54:28.750" endtime="20200824 16:54:28.941"></status>
</kw>
<status status="PASS" starttime="20200824 16:54:28.743" endtime="20200824 16:54:28.941"></status>
</kw>
<kw name="Enter The Password" library="keywords_LoginSalesforcePage">
<arguments>
<arg>${password}</arg>
</arguments>
<kw name="Input Password" library="SeleniumLibrary">
<doc>Types the given password into the text field identified by ``locator``.</doc>
<arguments>
<arg>${text_Password}</arg>
<arg>${password}</arg>
</arguments>
<msg timestamp="20200824 16:54:28.942" level="INFO">Typing password into text field 'id=password'.</msg>
<msg timestamp="20200824 16:54:28.986" level="INFO">Temporally setting log level to: NONE</msg>
<msg timestamp="20200824 16:54:29.050" level="INFO">Log level changed from NONE to INFO.</msg>
<status status="PASS" starttime="20200824 16:54:28.942" endtime="20200824 16:54:29.051"></status>
</kw>
<status status="PASS" starttime="20200824 16:54:28.941" endtime="20200824 16:54:29.052"></status>
</kw>
<kw name="Click The Login Button" library="keywords_LoginSalesforcePage">
<kw name="Click Button" library="SeleniumLibrary">
<doc>Clicks the button identified by ``locator``.</doc>
<arguments>
<arg>${clickbutton_Login}</arg>
</arguments>
<msg timestamp="20200824 16:54:29.054" level="INFO">Clicking button 'name=Login'.</msg>
<status status="PASS" starttime="20200824 16:54:29.053" endtime="20200824 16:54:31.996"></status>
</kw>
<status status="PASS" starttime="20200824 16:54:29.052" endtime="20200824 16:54:31.997"></status>
</kw>
<kw name="Capture My Page Screenshot" library="keywords_LoginSalesforcePage">
<kw name="Capture Page Screenshot" library="SeleniumLibrary">
<doc>Takes a screenshot of the current page and embeds it into a log file.</doc>
<msg timestamp="20200824 16:54:36.328" level="INFO" html="yes">&lt;/td&gt;&lt;/tr&gt;&lt;tr&gt;&lt;td colspan="3"&gt;&lt;a href="selenium-screenshot-2.png"&gt;&lt;img src="selenium-screenshot-2.png" width="800px"&gt;&lt;/a&gt;</msg>
<status status="PASS" starttime="20200824 16:54:31.999" endtime="20200824 16:54:36.329"></status>
</kw>
<status status="PASS" starttime="20200824 16:54:31.998" endtime="20200824 16:54:36.330"></status>
</kw>
<kw name="Close The Browser" library="keywords_LoginSalesforcePage">
<kw name="Close All Browsers" library="SeleniumLibrary">
<doc>Closes all open browsers and resets the browser cache.</doc>
<status status="PASS" starttime="20200824 16:54:36.331" endtime="20200824 16:54:38.683"></status>
</kw>
<status status="PASS" starttime="20200824 16:54:36.330" endtime="20200824 16:54:38.683"></status>
</kw>
<status status="PASS" starttime="20200824 16:54:20.718" endtime="20200824 16:54:38.683"></status>
</kw>
<status status="PASS" starttime="20200824 16:54:20.717" endtime="20200824 16:54:38.684" critical="yes"></status>
</test>
<status status="PASS" starttime="20200824 16:54:19.366" endtime="20200824 16:54:38.685"></status>
</suite>
<status status="PASS" starttime="20200824 16:54:19.363" endtime="20200824 16:54:38.688"></status>
</suite>
<status status="PASS" starttime="20200824 16:54:19.338" endtime="20200824 16:54:38.691"></status>
</suite>
<statistics>
<total>
<stat pass="1" fail="0">Critical Tests</stat>
<stat pass="1" fail="0">All Tests</stat>
</total>
<tag>
</tag>
<suite>
<stat pass="1" fail="0" id="s1" name="ProjectUsingPOM">ProjectUsingPOM</stat>
<stat pass="1" fail="0" id="s1-s1" name="TestCases">ProjectUsingPOM.TestCases</stat>
<stat pass="1" fail="0" id="s1-s1-s1" name="TC002 SalesforceLogin">ProjectUsingPOM.TestCases.TC002 SalesforceLogin</stat>
</suite>
</statistics>
<errors>
</errors>
</robot>
