<?xml version="1.0" encoding="UTF-8"?>
<robot generator="Robot 3.2.1 (Python 3.8.5 on win32)" generated="20200828 18:38:17.655" rpa="false">
<suite id="s1" name="ProjectUsingPOM" source="C:\Users\CHANDRASEKHARJANGA\git\RobotProject\ProjectUsingPOM">
<suite id="s1-s1" name="TestCases" source="C:\Users\CHANDRASEKHARJANGA\git\RobotProject\ProjectUsingPOM\TestCases">
<suite id="s1-s1-s1" name="TC005 OpportunityCreation" source="C:\Users\CHANDRASEKHARJANGA\git\RobotProject\ProjectUsingPOM\TestCases\TC005_OpportunityCreation.robot">
<kw name="Open The Browser" library="keywords_LoginSalesforcePage" type="setup">
<arguments>
<arg>${url}</arg>
<arg>${browser}</arg>
</arguments>
<kw name="Open Browser" library="SeleniumLibrary">
<doc>Opens a new browser instance to the optional ``url``.</doc>
<arguments>
<arg>${url}</arg>
<arg>${browser}</arg>
</arguments>
<msg timestamp="20200828 18:38:18.215" level="INFO">Opening browser 'chrome' to base url 'https://login.salesforce.com/'.</msg>
<status status="PASS" starttime="20200828 18:38:18.215" endtime="20200828 18:38:25.665"></status>
</kw>
<kw name="Maximize Browser Window" library="SeleniumLibrary">
<doc>Maximizes current browser window.</doc>
<status status="PASS" starttime="20200828 18:38:25.666" endtime="20200828 18:38:29.286"></status>
</kw>
<status status="PASS" starttime="20200828 18:38:18.213" endtime="20200828 18:38:29.286"></status>
</kw>
<test id="s1-s1-s1-t1" name="Login Salesforce Test">
<kw name="Login Into Application" library="keywords_LogIntoApplication">
<kw name="Enter The UserName" library="keywords_LoginSalesforcePage">
<arguments>
<arg>${username}</arg>
</arguments>
<kw name="Input Text" library="SeleniumLibrary">
<doc>Types the given ``text`` into the text field identified by ``locator``.</doc>
<arguments>
<arg>${text_UserName}</arg>
<arg>${username}</arg>
</arguments>
<msg timestamp="20200828 18:38:29.293" level="INFO">Typing text 'jcsreddy@gmail.com' into text field 'id=username'.</msg>
<status status="PASS" starttime="20200828 18:38:29.291" endtime="20200828 18:38:29.537"></status>
</kw>
<status status="PASS" starttime="20200828 18:38:29.290" endtime="20200828 18:38:29.537"></status>
</kw>
<kw name="Enter The Password" library="keywords_LoginSalesforcePage">
<arguments>
<arg>${password}</arg>
</arguments>
<kw name="Input Password" library="SeleniumLibrary">
<doc>Types the given password into the text field identified by ``locator``.</doc>
<arguments>
<arg>${text_Password}</arg>
<arg>${password}</arg>
</arguments>
<msg timestamp="20200828 18:38:29.539" level="INFO">Typing password into text field 'id=password'.</msg>
<msg timestamp="20200828 18:38:29.619" level="INFO">Temporally setting log level to: NONE</msg>
<msg timestamp="20200828 18:38:29.716" level="INFO">Log level changed from NONE to INFO.</msg>
<status status="PASS" starttime="20200828 18:38:29.539" endtime="20200828 18:38:29.717"></status>
</kw>
<status status="PASS" starttime="20200828 18:38:29.538" endtime="20200828 18:38:29.717"></status>
</kw>
<kw name="Click The Login Button" library="keywords_LoginSalesforcePage">
<kw name="Click Button" library="SeleniumLibrary">
<doc>Clicks the button identified by ``locator``.</doc>
<arguments>
<arg>${clickbutton_Login}</arg>
</arguments>
<msg timestamp="20200828 18:38:29.720" level="INFO">Clicking button 'name=Login'.</msg>
<status status="PASS" starttime="20200828 18:38:29.719" endtime="20200828 18:38:32.683"></status>
</kw>
<status status="PASS" starttime="20200828 18:38:29.718" endtime="20200828 18:38:32.684"></status>
</kw>
<status status="PASS" starttime="20200828 18:38:29.289" endtime="20200828 18:38:32.685"></status>
</kw>
<kw name="Switch To Lightning Page" library="keywords_SwitchToLightning">
<kw name="Get Location" library="SeleniumLibrary">
<doc>Returns the current browser window URL.</doc>
<assign>
<var>${currenturl}</var>
</assign>
<msg timestamp="20200828 18:38:37.189" level="INFO">${currenturl} = https://ap16.lightning.force.com/lightning/setup/SetupOneHome/home</msg>
<status status="PASS" starttime="20200828 18:38:32.687" endtime="20200828 18:38:37.189"></status>
</kw>
<kw name="Log" library="BuiltIn">
<doc>Logs the given message with the given level.</doc>
<arguments>
<arg>${currenturl}</arg>
</arguments>
<msg timestamp="20200828 18:38:37.193" level="INFO">https://ap16.lightning.force.com/lightning/setup/SetupOneHome/home</msg>
<status status="PASS" starttime="20200828 18:38:37.191" endtime="20200828 18:38:37.194"></status>
</kw>
<kw name="Run Keyword If" library="BuiltIn">
<doc>Runs the given keyword with the given arguments, if ``condition`` is true.</doc>
<arguments>
<arg>'salesforce.com' in '${currenturl}'</arg>
<arg>Click Element</arg>
<arg>${click_SwitchToLightning}</arg>
</arguments>
<status status="PASS" starttime="20200828 18:38:37.195" endtime="20200828 18:38:37.196"></status>
</kw>
<kw name="Wait Until Element Is Visible" library="SeleniumLibrary">
<doc>Waits until the element ``locator`` is visible.</doc>
<arguments>
<arg>${click_ViewProfile}</arg>
</arguments>
<status status="PASS" starttime="20200828 18:38:37.196" endtime="20200828 18:38:40.026"></status>
</kw>
<kw name="Wait Until Page Contains" library="SeleniumLibrary">
<doc>Waits until ``text`` appears on the current page.</doc>
<arguments>
<arg>Home</arg>
</arguments>
<status status="PASS" starttime="20200828 18:38:40.026" endtime="20200828 18:38:40.055"></status>
</kw>
<kw name="Capture Page Screenshot" library="SeleniumLibrary">
<doc>Takes a screenshot of the current page and embeds it into a log file.</doc>
<msg timestamp="20200828 18:38:40.567" level="INFO" html="yes">&lt;/td&gt;&lt;/tr&gt;&lt;tr&gt;&lt;td colspan="3"&gt;&lt;a href="selenium-screenshot-9.png"&gt;&lt;img src="selenium-screenshot-9.png" width="800px"&gt;&lt;/a&gt;</msg>
<status status="PASS" starttime="20200828 18:38:40.055" endtime="20200828 18:38:40.568"></status>
</kw>
<status status="PASS" starttime="20200828 18:38:32.686" endtime="20200828 18:38:40.568"></status>
</kw>
<kw name="Switch To Opportunies Page" library="keywords_SwitchToOpportunites">
<kw name="Wait Until Element Is Visible" library="SeleniumLibrary">
<doc>Waits until the element ``locator`` is visible.</doc>
<arguments>
<arg>${click_AppLauncher}</arg>
</arguments>
<status status="PASS" starttime="20200828 18:38:40.570" endtime="20200828 18:38:40.609"></status>
</kw>
<kw name="Click Element" library="SeleniumLibrary">
<doc>Click the element identified by ``locator``.</doc>
<arguments>
<arg>${click_AppLauncher}</arg>
</arguments>
<msg timestamp="20200828 18:38:40.610" level="INFO">Clicking element 'xpath=//div[@class='slds-icon-waffle']'.</msg>
<status status="PASS" starttime="20200828 18:38:40.610" endtime="20200828 18:38:40.716"></status>
</kw>
<kw name="Wait Until Page Contains" library="SeleniumLibrary">
<doc>Waits until ``text`` appears on the current page.</doc>
<arguments>
<arg>Apps</arg>
</arguments>
<status status="PASS" starttime="20200828 18:38:40.717" endtime="20200828 18:38:40.737"></status>
</kw>
<kw name="Wait Until Page Contains" library="SeleniumLibrary">
<doc>Waits until ``text`` appears on the current page.</doc>
<arguments>
<arg>Service</arg>
</arguments>
<status status="PASS" starttime="20200828 18:38:40.738" endtime="20200828 18:38:40.925"></status>
</kw>
<kw name="Wait Until Page Contains" library="SeleniumLibrary">
<doc>Waits until ``text`` appears on the current page.</doc>
<arguments>
<arg>Marketing</arg>
</arguments>
<status status="PASS" starttime="20200828 18:38:40.925" endtime="20200828 18:38:42.550"></status>
</kw>
<kw name="Wait Until Element Is Visible" library="SeleniumLibrary">
<doc>Waits until the element ``locator`` is visible.</doc>
<arguments>
<arg>${text_SearchAppsAndItems}</arg>
</arguments>
<status status="PASS" starttime="20200828 18:38:42.551" endtime="20200828 18:38:42.668"></status>
</kw>
<kw name="Input Text" library="SeleniumLibrary">
<doc>Types the given ``text`` into the text field identified by ``locator``.</doc>
<arguments>
<arg>${text_SearchAppsAndItems}</arg>
<arg>Opportunities</arg>
</arguments>
<msg timestamp="20200828 18:38:42.670" level="INFO">Typing text 'Opportunities' into text field '//input[@placeholder='Search apps and items...']'.</msg>
<status status="PASS" starttime="20200828 18:38:42.669" endtime="20200828 18:38:43.502"></status>
</kw>
<kw name="Wait Until Page Contains" library="SeleniumLibrary">
<doc>Waits until ``text`` appears on the current page.</doc>
<arguments>
<arg>Items</arg>
</arguments>
<status status="PASS" starttime="20200828 18:38:43.503" endtime="20200828 18:38:43.544"></status>
</kw>
<kw name="Wait Until Page Contains" library="SeleniumLibrary">
<doc>Waits until ``text`` appears on the current page.</doc>
<arguments>
<arg>Opportunities</arg>
</arguments>
<status status="PASS" starttime="20200828 18:38:43.545" endtime="20200828 18:38:43.574"></status>
</kw>
<kw name="Wait Until Page Contains" library="SeleniumLibrary">
<doc>Waits until ``text`` appears on the current page.</doc>
<arguments>
<arg>View All</arg>
</arguments>
<status status="PASS" starttime="20200828 18:38:43.575" endtime="20200828 18:38:43.595"></status>
</kw>
<kw name="Capture Page Screenshot" library="SeleniumLibrary">
<doc>Takes a screenshot of the current page and embeds it into a log file.</doc>
<msg timestamp="20200828 18:38:44.106" level="INFO" html="yes">&lt;/td&gt;&lt;/tr&gt;&lt;tr&gt;&lt;td colspan="3"&gt;&lt;a href="selenium-screenshot-10.png"&gt;&lt;img src="selenium-screenshot-10.png" width="800px"&gt;&lt;/a&gt;</msg>
<status status="PASS" starttime="20200828 18:38:43.595" endtime="20200828 18:38:44.106"></status>
</kw>
<kw name="Click Element" library="SeleniumLibrary">
<doc>Click the element identified by ``locator``.</doc>
<arguments>
<arg>//b[contains(text(),'Opportunities')]</arg>
</arguments>
<msg timestamp="20200828 18:38:44.108" level="INFO">Clicking element '//b[contains(text(),'Opportunities')]'.</msg>
<status status="PASS" starttime="20200828 18:38:44.107" endtime="20200828 18:38:44.243"></status>
</kw>
<kw name="Wait Until Page Contains" library="SeleniumLibrary">
<doc>Waits until ``text`` appears on the current page.</doc>
<arguments>
<arg>Opportunities</arg>
</arguments>
<status status="PASS" starttime="20200828 18:38:44.244" endtime="20200828 18:38:44.270"></status>
</kw>
<kw name="Wait Until Page Contains" library="SeleniumLibrary">
<doc>Waits until ``text`` appears on the current page.</doc>
<arguments>
<arg>New</arg>
</arguments>
<status status="PASS" starttime="20200828 18:38:44.270" endtime="20200828 18:38:44.290"></status>
</kw>
<kw name="Capture Page Screenshot" library="SeleniumLibrary">
<doc>Takes a screenshot of the current page and embeds it into a log file.</doc>
<msg timestamp="20200828 18:38:46.085" level="INFO" html="yes">&lt;/td&gt;&lt;/tr&gt;&lt;tr&gt;&lt;td colspan="3"&gt;&lt;a href="selenium-screenshot-11.png"&gt;&lt;img src="selenium-screenshot-11.png" width="800px"&gt;&lt;/a&gt;</msg>
<status status="PASS" starttime="20200828 18:38:44.291" endtime="20200828 18:38:46.086"></status>
</kw>
<status status="PASS" starttime="20200828 18:38:40.569" endtime="20200828 18:38:46.086"></status>
</kw>
<kw name="Wait Until Page Contains" library="SeleniumLibrary">
<doc>Waits until ``text`` appears on the current page.</doc>
<arguments>
<arg>New</arg>
</arguments>
<status status="PASS" starttime="20200828 18:38:46.087" endtime="20200828 18:38:46.768"></status>
</kw>
<kw name="Wait Until Page Contains" library="SeleniumLibrary">
<doc>Waits until ``text`` appears on the current page.</doc>
<arguments>
<arg>Opportunity Name</arg>
</arguments>
<status status="PASS" starttime="20200828 18:38:46.769" endtime="20200828 18:38:48.166"></status>
</kw>
<kw name="Wait Until Page Contains" library="SeleniumLibrary">
<doc>Waits until ``text`` appears on the current page.</doc>
<arguments>
<arg>Account Name</arg>
</arguments>
<status status="PASS" starttime="20200828 18:38:48.167" endtime="20200828 18:38:48.238"></status>
</kw>
<kw name="Click Element" library="SeleniumLibrary">
<doc>Click the element identified by ``locator``.</doc>
<arguments>
<arg>${click_New}</arg>
</arguments>
<msg timestamp="20200828 18:38:48.240" level="INFO">Clicking element '//div[contains(text(),'New')]'.</msg>
<status status="PASS" starttime="20200828 18:38:48.239" endtime="20200828 18:38:48.442"></status>
</kw>
<kw name="Wait Until Page Contains" library="SeleniumLibrary">
<doc>Waits until ``text`` appears on the current page.</doc>
<arguments>
<arg>New Opportunity</arg>
</arguments>
<status status="PASS" starttime="20200828 18:38:48.443" endtime="20200828 18:38:49.547"></status>
</kw>
<kw name="Click Element" library="SeleniumLibrary">
<doc>Click the element identified by ``locator``.</doc>
<arguments>
<arg>//div[3]//label[1]//div[1]//span[1]</arg>
</arguments>
<msg timestamp="20200828 18:38:49.549" level="INFO">Clicking element '//div[3]//label[1]//div[1]//span[1]'.</msg>
<status status="PASS" starttime="20200828 18:38:49.548" endtime="20200828 18:38:49.692"></status>
</kw>
<kw name="Click Element" library="SeleniumLibrary">
<doc>Click the element identified by ``locator``.</doc>
<arguments>
<arg>//span[contains(text(),'Next')]</arg>
</arguments>
<msg timestamp="20200828 18:38:49.693" level="INFO">Clicking element '//span[contains(text(),'Next')]'.</msg>
<status status="PASS" starttime="20200828 18:38:49.693" endtime="20200828 18:38:49.888"></status>
</kw>
<kw name="Wait Until Page Contains" library="SeleniumLibrary">
<doc>Waits until ``text`` appears on the current page.</doc>
<arguments>
<arg>New Opportunity: Service Sales</arg>
</arguments>
<status status="PASS" starttime="20200828 18:38:49.889" endtime="20200828 18:38:50.366"></status>
</kw>
<kw name="Capture Page Screenshot" library="SeleniumLibrary">
<doc>Takes a screenshot of the current page and embeds it into a log file.</doc>
<msg timestamp="20200828 18:38:50.809" level="INFO" html="yes">&lt;/td&gt;&lt;/tr&gt;&lt;tr&gt;&lt;td colspan="3"&gt;&lt;a href="selenium-screenshot-12.png"&gt;&lt;img src="selenium-screenshot-12.png" width="800px"&gt;&lt;/a&gt;</msg>
<status status="PASS" starttime="20200828 18:38:50.367" endtime="20200828 18:38:50.810"></status>
</kw>
<status status="PASS" starttime="20200828 18:38:29.287" endtime="20200828 18:38:50.810" critical="yes"></status>
</test>
<kw name="Close The Browser" library="keywords_LoginSalesforcePage" type="teardown">
<kw name="Close All Browsers" library="SeleniumLibrary">
<doc>Closes all open browsers and resets the browser cache.</doc>
<status status="PASS" starttime="20200828 18:38:50.813" endtime="20200828 18:38:53.756"></status>
</kw>
<status status="PASS" starttime="20200828 18:38:50.813" endtime="20200828 18:38:53.757"></status>
</kw>
<status status="PASS" starttime="20200828 18:38:17.762" endtime="20200828 18:38:53.757"></status>
</suite>
<status status="PASS" starttime="20200828 18:38:17.755" endtime="20200828 18:38:53.762"></status>
</suite>
<status status="PASS" starttime="20200828 18:38:17.708" endtime="20200828 18:38:53.766"></status>
</suite>
<statistics>
<total>
<stat pass="1" fail="0">Critical Tests</stat>
<stat pass="1" fail="0">All Tests</stat>
</total>
<tag>
</tag>
<suite>
<stat pass="1" fail="0" id="s1" name="ProjectUsingPOM">ProjectUsingPOM</stat>
<stat pass="1" fail="0" id="s1-s1" name="TestCases">ProjectUsingPOM.TestCases</stat>
<stat pass="1" fail="0" id="s1-s1-s1" name="TC005 OpportunityCreation">ProjectUsingPOM.TestCases.TC005 OpportunityCreation</stat>
</suite>
</statistics>
<errors>
</errors>
</robot>
