<?xml version="1.0" encoding="UTF-8"?>
<robot generator="Robot 3.2.1 (Python 3.8.5 on win32)" generated="20200824 17:41:28.808" rpa="false">
<suite id="s1" name="ProjectUsingPOM" source="C:\Users\CHANDRASEKHARJANGA\git\RobotProject\ProjectUsingPOM">
<suite id="s1-s1" name="TestCases" source="C:\Users\CHANDRASEKHARJANGA\git\RobotProject\ProjectUsingPOM\TestCases">
<suite id="s1-s1-s1" name="TC002 SalesforceLogin" source="C:\Users\CHANDRASEKHARJANGA\git\RobotProject\ProjectUsingPOM\TestCases\TC002_SalesforceLogin.robot">
<test id="s1-s1-s1-t1" name="Login Salesforce Test">
<kw name="Login Template">
<arguments>
<arg>https://login.salesforce.com/</arg>
<arg>chrome</arg>
<arg>jcsreddy@gmail.com</arg>
<arg>sekhar123</arg>
</arguments>
<kw name="Open The Browser" library="keywords_LoginSalesforcePage">
<arguments>
<arg>${url}</arg>
<arg>${browser}</arg>
</arguments>
<kw name="Open Browser" library="SeleniumLibrary">
<doc>Opens a new browser instance to the optional ``url``.</doc>
<arguments>
<arg>${url}</arg>
<arg>${browser}</arg>
</arguments>
<msg timestamp="20200824 17:41:29.789" level="INFO">Opening browser 'chrome' to base url 'https://login.salesforce.com/'.</msg>
<status status="PASS" starttime="20200824 17:41:29.789" endtime="20200824 17:41:36.260"></status>
</kw>
<kw name="Maximize Browser Window" library="SeleniumLibrary">
<doc>Maximizes current browser window.</doc>
<status status="PASS" starttime="20200824 17:41:36.260" endtime="20200824 17:41:38.424"></status>
</kw>
<status status="PASS" starttime="20200824 17:41:29.788" endtime="20200824 17:41:38.425"></status>
</kw>
<kw name="Enter The UserName" library="keywords_LoginSalesforcePage">
<arguments>
<arg>${username}</arg>
</arguments>
<kw name="Input Text" library="SeleniumLibrary">
<doc>Types the given ``text`` into the text field identified by ``locator``.</doc>
<arguments>
<arg>${text_UserName}</arg>
<arg>${username}</arg>
</arguments>
<msg timestamp="20200824 17:41:38.432" level="INFO">Typing text 'jcsreddy@gmail.com' into text field 'id=username'.</msg>
<status status="PASS" starttime="20200824 17:41:38.431" endtime="20200824 17:41:38.652"></status>
</kw>
<status status="PASS" starttime="20200824 17:41:38.425" endtime="20200824 17:41:38.653"></status>
</kw>
<kw name="Enter The Password" library="keywords_LoginSalesforcePage">
<arguments>
<arg>${password}</arg>
</arguments>
<kw name="Input Password" library="SeleniumLibrary">
<doc>Types the given password into the text field identified by ``locator``.</doc>
<arguments>
<arg>${text_Password}</arg>
<arg>${password}</arg>
</arguments>
<msg timestamp="20200824 17:41:38.654" level="INFO">Typing password into text field 'id=password'.</msg>
<msg timestamp="20200824 17:41:38.701" level="INFO">Temporally setting log level to: NONE</msg>
<msg timestamp="20200824 17:41:38.779" level="INFO">Log level changed from NONE to INFO.</msg>
<status status="PASS" starttime="20200824 17:41:38.654" endtime="20200824 17:41:38.780"></status>
</kw>
<status status="PASS" starttime="20200824 17:41:38.653" endtime="20200824 17:41:38.780"></status>
</kw>
<kw name="Click The Login Button" library="keywords_LoginSalesforcePage">
<kw name="Click Button" library="SeleniumLibrary">
<doc>Clicks the button identified by ``locator``.</doc>
<arguments>
<arg>${clickbutton_Login}</arg>
</arguments>
<msg timestamp="20200824 17:41:38.782" level="INFO">Clicking button 'name=Login'.</msg>
<status status="PASS" starttime="20200824 17:41:38.781" endtime="20200824 17:41:42.070"></status>
</kw>
<status status="PASS" starttime="20200824 17:41:38.781" endtime="20200824 17:41:42.071"></status>
</kw>
<kw name="Capture My Screenshot" library="keywords_LoginSalesforcePage">
<kw name="Capture Page Screenshot" library="SeleniumLibrary">
<doc>Takes a screenshot of the current page and embeds it into a log file.</doc>
<msg timestamp="20200824 17:41:45.447" level="INFO" html="yes">&lt;/td&gt;&lt;/tr&gt;&lt;tr&gt;&lt;td colspan="3"&gt;&lt;a href="selenium-screenshot-11.png"&gt;&lt;img src="selenium-screenshot-11.png" width="800px"&gt;&lt;/a&gt;</msg>
<status status="PASS" starttime="20200824 17:41:42.072" endtime="20200824 17:41:45.447"></status>
</kw>
<status status="PASS" starttime="20200824 17:41:42.071" endtime="20200824 17:41:45.448"></status>
</kw>
<kw name="Get Location" library="SeleniumLibrary">
<doc>Returns the current browser window URL.</doc>
<assign>
<var>${currenturl}</var>
</assign>
<msg timestamp="20200824 17:41:45.486" level="INFO">${currenturl} = https://ap16.lightning.force.com/lightning/setup/SetupOneHome/home</msg>
<status status="PASS" starttime="20200824 17:41:45.449" endtime="20200824 17:41:45.486"></status>
</kw>
<kw name="Log" library="BuiltIn">
<doc>Logs the given message with the given level.</doc>
<arguments>
<arg>${currenturl}</arg>
</arguments>
<msg timestamp="20200824 17:41:45.488" level="INFO">https://ap16.lightning.force.com/lightning/setup/SetupOneHome/home</msg>
<status status="PASS" starttime="20200824 17:41:45.487" endtime="20200824 17:41:45.488"></status>
</kw>
<kw name="Page Should Contain" library="SeleniumLibrary">
<doc>Verifies that current page contains ``text``.</doc>
<arguments>
<arg>Getting Started</arg>
</arguments>
<kw name="Capture Page Screenshot" library="SeleniumLibrary">
<doc>Takes a screenshot of the current page and embeds it into a log file.</doc>
<msg timestamp="20200824 17:41:46.247" level="INFO" html="yes">&lt;/td&gt;&lt;/tr&gt;&lt;tr&gt;&lt;td colspan="3"&gt;&lt;a href="selenium-screenshot-12.png"&gt;&lt;img src="selenium-screenshot-12.png" width="800px"&gt;&lt;/a&gt;</msg>
<status status="PASS" starttime="20200824 17:41:45.554" endtime="20200824 17:41:46.247"></status>
</kw>
<msg timestamp="20200824 17:41:46.251" level="FAIL">Page should have contained text 'Getting Started' but did not.</msg>
<status status="FAIL" starttime="20200824 17:41:45.489" endtime="20200824 17:41:46.251"></status>
</kw>
<status status="FAIL" starttime="20200824 17:41:29.786" endtime="20200824 17:41:46.252"></status>
</kw>
<status status="FAIL" starttime="20200824 17:41:29.785" endtime="20200824 17:41:46.252" critical="yes">Page should have contained text 'Getting Started' but did not.</status>
</test>
<status status="FAIL" starttime="20200824 17:41:28.914" endtime="20200824 17:41:46.254"></status>
</suite>
<status status="FAIL" starttime="20200824 17:41:28.910" endtime="20200824 17:41:46.258"></status>
</suite>
<status status="FAIL" starttime="20200824 17:41:28.865" endtime="20200824 17:41:46.263"></status>
</suite>
<statistics>
<total>
<stat pass="0" fail="1">Critical Tests</stat>
<stat pass="0" fail="1">All Tests</stat>
</total>
<tag>
</tag>
<suite>
<stat pass="0" fail="1" id="s1" name="ProjectUsingPOM">ProjectUsingPOM</stat>
<stat pass="0" fail="1" id="s1-s1" name="TestCases">ProjectUsingPOM.TestCases</stat>
<stat pass="0" fail="1" id="s1-s1-s1" name="TC002 SalesforceLogin">ProjectUsingPOM.TestCases.TC002 SalesforceLogin</stat>
</suite>
</statistics>
<errors>
</errors>
</robot>
