<?xml version="1.0" encoding="UTF-8"?>
<robot generator="Robot 3.2.1 (Python 3.8.5 on win32)" generated="20200825 16:21:29.277" rpa="false">
<suite id="s1" name="ProjectUsingPOM" source="C:\Users\CHANDRASEKHARJANGA\git\RobotProject\ProjectUsingPOM">
<suite id="s1-s1" name="TestCases" source="C:\Users\CHANDRASEKHARJANGA\git\RobotProject\ProjectUsingPOM\TestCases">
<suite id="s1-s1-s1" name="TC003" source="C:\Users\CHANDRASEKHARJANGA\git\RobotProject\ProjectUsingPOM\TestCases\TC003.robot">
<test id="s1-s1-s1-t1" name="SampleTest">
<kw name="Open Browser" library="SeleniumLibrary">
<doc>Opens a new browser instance to the optional ``url``.</doc>
<arguments>
<arg>https://google.com</arg>
<arg>chrome</arg>
</arguments>
<msg timestamp="20200825 16:21:29.929" level="INFO">Opening browser 'chrome' to base url 'https://google.com'.</msg>
<status status="PASS" starttime="20200825 16:21:29.928" endtime="20200825 16:21:35.451"></status>
</kw>
<kw name="Close Browser" library="SeleniumLibrary">
<doc>Closes the current browser.</doc>
<status status="PASS" starttime="20200825 16:21:35.452" endtime="20200825 16:21:38.023"></status>
</kw>
<status status="PASS" starttime="20200825 16:21:29.927" endtime="20200825 16:21:38.023" critical="yes"></status>
</test>
<status status="PASS" starttime="20200825 16:21:29.368" endtime="20200825 16:21:38.026"></status>
</suite>
<status status="PASS" starttime="20200825 16:21:29.362" endtime="20200825 16:21:38.031"></status>
</suite>
<status status="PASS" starttime="20200825 16:21:29.328" endtime="20200825 16:21:38.034"></status>
</suite>
<statistics>
<total>
<stat pass="1" fail="0">Critical Tests</stat>
<stat pass="1" fail="0">All Tests</stat>
</total>
<tag>
</tag>
<suite>
<stat pass="1" fail="0" id="s1" name="ProjectUsingPOM">ProjectUsingPOM</stat>
<stat pass="1" fail="0" id="s1-s1" name="TestCases">ProjectUsingPOM.TestCases</stat>
<stat pass="1" fail="0" id="s1-s1-s1" name="TC003">ProjectUsingPOM.TestCases.TC003</stat>
</suite>
</statistics>
<errors>
</errors>
</robot>
