<?xml version="1.0" encoding="UTF-8"?>
<robot generator="Robot 3.2.1 (Python 3.8.5 on win32)" generated="20200825 15:56:15.069" rpa="false">
<suite id="s1" name="ProjectUsingPOM" source="C:\Users\CHANDRASEKHARJANGA\git\RobotProject\ProjectUsingPOM">
<suite id="s1-s1" name="TestCases" source="C:\Users\CHANDRASEKHARJANGA\git\RobotProject\ProjectUsingPOM\TestCases">
<suite id="s1-s1-s1" name="TC003" source="C:\Users\CHANDRASEKHARJANGA\git\RobotProject\ProjectUsingPOM\TestCases\TC003.robot">
<test id="s1-s1-s1-t1" name="SampleTest">
<kw name="Open Browser" library="SeleniumLibrary">
<doc>Opens a new browser instance to the optional ``url``.</doc>
<arguments>
<arg>https://google.com</arg>
<arg>chrome</arg>
</arguments>
<msg timestamp="20200825 15:56:15.533" level="INFO">Opening browser 'chrome' to base url 'https://google.com'.</msg>
<status status="PASS" starttime="20200825 15:56:15.532" endtime="20200825 15:56:20.421"></status>
</kw>
<kw name="Close Browser" library="SeleniumLibrary">
<doc>Closes the current browser.</doc>
<status status="PASS" starttime="20200825 15:56:20.421" endtime="20200825 15:56:23.885"></status>
</kw>
<status status="PASS" starttime="20200825 15:56:15.531" endtime="20200825 15:56:23.886" critical="yes"></status>
</test>
<status status="PASS" starttime="20200825 15:56:15.179" endtime="20200825 15:56:23.891"></status>
</suite>
<status status="PASS" starttime="20200825 15:56:15.175" endtime="20200825 15:56:23.904"></status>
</suite>
<status status="PASS" starttime="20200825 15:56:15.150" endtime="20200825 15:56:23.908"></status>
</suite>
<statistics>
<total>
<stat pass="1" fail="0">Critical Tests</stat>
<stat pass="1" fail="0">All Tests</stat>
</total>
<tag>
</tag>
<suite>
<stat pass="1" fail="0" id="s1" name="ProjectUsingPOM">ProjectUsingPOM</stat>
<stat pass="1" fail="0" id="s1-s1" name="TestCases">ProjectUsingPOM.TestCases</stat>
<stat pass="1" fail="0" id="s1-s1-s1" name="TC003">ProjectUsingPOM.TestCases.TC003</stat>
</suite>
</statistics>
<errors>
</errors>
</robot>
