<?xml version="1.0" encoding="UTF-8"?>
<robot generator="Robot 3.2.1 (Python 3.8.5 on win32)" generated="20200824 17:15:16.899" rpa="false">
<suite id="s1" name="ProjectUsingPOM" source="C:\Users\CHANDRASEKHARJANGA\git\RobotProject\ProjectUsingPOM">
<suite id="s1-s1" name="TestCases" source="C:\Users\CHANDRASEKHARJANGA\git\RobotProject\ProjectUsingPOM\TestCases">
<suite id="s1-s1-s1" name="TC002 SalesforceLogin" source="C:\Users\CHANDRASEKHARJANGA\git\RobotProject\ProjectUsingPOM\TestCases\TC002_SalesforceLogin.robot">
<test id="s1-s1-s1-t1" name="Login Salesforce Test">
<kw name="Login Template">
<arguments>
<arg>https://login.salesforce.com/</arg>
<arg>chrome</arg>
<arg>jcsreddy@gmail.com</arg>
<arg>sekhar123</arg>
</arguments>
<kw name="Open The Browser" library="keywords_LoginSalesforcePage">
<arguments>
<arg>${url}</arg>
<arg>${browser}</arg>
</arguments>
<kw name="Open Browser" library="SeleniumLibrary">
<doc>Opens a new browser instance to the optional ``url``.</doc>
<arguments>
<arg>${url}</arg>
<arg>${browser}</arg>
</arguments>
<msg timestamp="20200824 17:15:18.232" level="INFO">Opening browser 'chrome' to base url 'https://login.salesforce.com/'.</msg>
<status status="PASS" starttime="20200824 17:15:18.231" endtime="20200824 17:15:23.838"></status>
</kw>
<kw name="Maximize Browser Window" library="SeleniumLibrary">
<doc>Maximizes current browser window.</doc>
<status status="PASS" starttime="20200824 17:15:23.839" endtime="20200824 17:15:26.034"></status>
</kw>
<status status="PASS" starttime="20200824 17:15:18.231" endtime="20200824 17:15:26.035"></status>
</kw>
<kw name="Enter The UserName" library="keywords_LoginSalesforcePage">
<arguments>
<arg>${username}</arg>
</arguments>
<kw name="Input Text" library="SeleniumLibrary">
<doc>Types the given ``text`` into the text field identified by ``locator``.</doc>
<arguments>
<arg>${text_UserName}</arg>
<arg>${username}</arg>
</arguments>
<msg timestamp="20200824 17:15:26.043" level="INFO">Typing text 'jcsreddy@gmail.com' into text field 'id=username'.</msg>
<status status="PASS" starttime="20200824 17:15:26.040" endtime="20200824 17:15:26.335"></status>
</kw>
<status status="PASS" starttime="20200824 17:15:26.036" endtime="20200824 17:15:26.336"></status>
</kw>
<kw name="Enter The Password" library="keywords_LoginSalesforcePage">
<arguments>
<arg>${password}</arg>
</arguments>
<kw name="Input Password" library="SeleniumLibrary">
<doc>Types the given password into the text field identified by ``locator``.</doc>
<arguments>
<arg>${text_Password}</arg>
<arg>${password}</arg>
</arguments>
<msg timestamp="20200824 17:15:26.339" level="INFO">Typing password into text field 'id=password'.</msg>
<msg timestamp="20200824 17:15:26.390" level="INFO">Temporally setting log level to: NONE</msg>
<msg timestamp="20200824 17:15:26.469" level="INFO">Log level changed from NONE to INFO.</msg>
<status status="PASS" starttime="20200824 17:15:26.338" endtime="20200824 17:15:26.470"></status>
</kw>
<status status="PASS" starttime="20200824 17:15:26.337" endtime="20200824 17:15:26.470"></status>
</kw>
<kw name="Click The Login Button" library="keywords_LoginSalesforcePage">
<kw name="Click Button" library="SeleniumLibrary">
<doc>Clicks the button identified by ``locator``.</doc>
<arguments>
<arg>${clickbutton_Login}</arg>
</arguments>
<msg timestamp="20200824 17:15:26.472" level="INFO">Clicking button 'name=Login'.</msg>
<status status="PASS" starttime="20200824 17:15:26.472" endtime="20200824 17:15:29.275"></status>
</kw>
<status status="PASS" starttime="20200824 17:15:26.471" endtime="20200824 17:15:29.275"></status>
</kw>
<kw name="Capture My Page Screenshot" library="keywords_LoginSalesforcePage">
<kw name="Capture Page Screenshot" library="SeleniumLibrary">
<doc>Takes a screenshot of the current page and embeds it into a log file.</doc>
<msg timestamp="20200824 17:15:33.155" level="INFO" html="yes">&lt;/td&gt;&lt;/tr&gt;&lt;tr&gt;&lt;td colspan="3"&gt;&lt;a href="selenium-screenshot-1.png"&gt;&lt;img src="selenium-screenshot-1.png" width="800px"&gt;&lt;/a&gt;</msg>
<status status="PASS" starttime="20200824 17:15:29.277" endtime="20200824 17:15:33.155"></status>
</kw>
<status status="PASS" starttime="20200824 17:15:29.276" endtime="20200824 17:15:33.156"></status>
</kw>
<kw name="Get Location" library="SeleniumLibrary">
<doc>Returns the current browser window URL.</doc>
<assign>
<var>${currentulr}</var>
</assign>
<msg timestamp="20200824 17:15:33.164" level="INFO">${currentulr} = https://ap16.salesforce.com/setup/forcecomHomepage.apexp?setupid=ForceCom</msg>
<status status="PASS" starttime="20200824 17:15:33.157" endtime="20200824 17:15:33.164"></status>
</kw>
<kw name="Log" library="BuiltIn">
<doc>Logs the given message with the given level.</doc>
<arguments>
<arg>${currentulr}</arg>
</arguments>
<msg timestamp="20200824 17:15:33.165" level="INFO">https://ap16.salesforce.com/setup/forcecomHomepage.apexp?setupid=ForceCom</msg>
<status status="PASS" starttime="20200824 17:15:33.165" endtime="20200824 17:15:33.165"></status>
</kw>
<kw name="Page Should Contain" library="SeleniumLibrary">
<doc>Verifies that current page contains ``text``.</doc>
<arguments>
<arg>Getting Started</arg>
</arguments>
<msg timestamp="20200824 17:15:34.879" level="INFO">Current page contains text 'Getting Started'.</msg>
<status status="PASS" starttime="20200824 17:15:33.166" endtime="20200824 17:15:34.880"></status>
</kw>
<kw name="Close The Browser" library="keywords_LoginSalesforcePage">
<kw name="Close All Browsers" library="SeleniumLibrary">
<doc>Closes all open browsers and resets the browser cache.</doc>
<status status="PASS" starttime="20200824 17:15:34.881" endtime="20200824 17:15:37.292"></status>
</kw>
<status status="PASS" starttime="20200824 17:15:34.880" endtime="20200824 17:15:37.293"></status>
</kw>
<status status="PASS" starttime="20200824 17:15:18.230" endtime="20200824 17:15:37.295"></status>
</kw>
<status status="PASS" starttime="20200824 17:15:18.229" endtime="20200824 17:15:37.297" critical="yes"></status>
</test>
<status status="PASS" starttime="20200824 17:15:16.969" endtime="20200824 17:15:37.302"></status>
</suite>
<status status="PASS" starttime="20200824 17:15:16.966" endtime="20200824 17:15:37.313"></status>
</suite>
<status status="PASS" starttime="20200824 17:15:16.938" endtime="20200824 17:15:37.317"></status>
</suite>
<statistics>
<total>
<stat pass="1" fail="0">Critical Tests</stat>
<stat pass="1" fail="0">All Tests</stat>
</total>
<tag>
</tag>
<suite>
<stat pass="1" fail="0" id="s1" name="ProjectUsingPOM">ProjectUsingPOM</stat>
<stat pass="1" fail="0" id="s1-s1" name="TestCases">ProjectUsingPOM.TestCases</stat>
<stat pass="1" fail="0" id="s1-s1-s1" name="TC002 SalesforceLogin">ProjectUsingPOM.TestCases.TC002 SalesforceLogin</stat>
</suite>
</statistics>
<errors>
</errors>
</robot>
