<?xml version="1.0" encoding="UTF-8"?>
<robot generator="Robot 3.2.1 (Python 3.8.5 on win32)" generated="20201014 16:14:47.107" rpa="false">
<suite id="s1" name="ProjectUsingPOM" source="C:\Users\CHANDRASEKHARJANGA\git\RobotProject\ProjectUsingPOM">
<suite id="s1-s1" name="TestCases" source="C:\Users\CHANDRASEKHARJANGA\git\RobotProject\ProjectUsingPOM\TestCases">
<suite id="s1-s1-s1" name="TC001 LoginTest" source="C:\Users\CHANDRASEKHARJANGA\git\RobotProject\ProjectUsingPOM\TestCases\TC001_LoginTest.robot">
<test id="s1-s1-s1-t1" name="Login Into Application">
<kw name="Open My Browser" library="keywords_LoginPage" type="setup">
<arguments>
<arg>${url}</arg>
<arg>${browser}</arg>
</arguments>
<kw name="Open Browser" library="SeleniumLibrary">
<doc>Opens a new browser instance to the given ``url``.</doc>
<arguments>
<arg>${url}</arg>
<arg>${browser}</arg>
</arguments>
<msg timestamp="20201014 16:14:49.999" level="INFO">Opening browser 'chrome' to base url 'https://opensource-demo.orangehrmlive.com/'.</msg>
<status status="PASS" starttime="20201014 16:14:49.999" endtime="20201014 16:14:57.468"></status>
</kw>
<kw name="Maximize Browser Window" library="SeleniumLibrary">
<doc>Maximizes current browser window.</doc>
<status status="PASS" starttime="20201014 16:14:57.468" endtime="20201014 16:14:59.677"></status>
</kw>
<status status="PASS" starttime="20201014 16:14:49.992" endtime="20201014 16:14:59.678"></status>
</kw>
<kw name="Login Template">
<arguments>
<arg>https://opensource-demo.orangehrmlive.com/</arg>
<arg>firefox</arg>
<arg>Admin</arg>
<arg>admin123</arg>
</arguments>
<kw name="Enter UserName" library="keywords_LoginPage">
<arguments>
<arg>${username}</arg>
</arguments>
<kw name="Input Text" library="SeleniumLibrary">
<doc>Types the given ``text`` into text field identified by ``locator``.</doc>
<arguments>
<arg>${text_loginUserName}</arg>
<arg>${username}</arg>
</arguments>
<msg timestamp="20201014 16:14:59.681" level="INFO">Typing text 'Admin' into text field 'xpath://input[@id='txtUsername']'.</msg>
<status status="PASS" starttime="20201014 16:14:59.681" endtime="20201014 16:14:59.802"></status>
</kw>
<status status="PASS" starttime="20201014 16:14:59.680" endtime="20201014 16:14:59.803"></status>
</kw>
<kw name="Enter Password" library="keywords_LoginPage">
<arguments>
<arg>${password}</arg>
</arguments>
<kw name="Input Password" library="SeleniumLibrary">
<doc>Types the given password into text field identified by ``locator``.</doc>
<arguments>
<arg>${text_loginPassword}</arg>
<arg>${password}</arg>
</arguments>
<msg timestamp="20201014 16:14:59.805" level="INFO">Typing password into text field 'xpath://input[@id='txtPassword']'.</msg>
<status status="PASS" starttime="20201014 16:14:59.804" endtime="20201014 16:14:59.892"></status>
</kw>
<status status="PASS" starttime="20201014 16:14:59.804" endtime="20201014 16:14:59.893"></status>
</kw>
<kw name="Click Submit Button" library="keywords_LoginPage">
<kw name="Click Button" library="SeleniumLibrary">
<doc>Clicks button identified by ``locator``.</doc>
<arguments>
<arg>${btn_submitButton}</arg>
</arguments>
<msg timestamp="20201014 16:14:59.895" level="INFO">Clicking button 'name:Submit'.</msg>
<status status="PASS" starttime="20201014 16:14:59.894" endtime="20201014 16:15:04.126"></status>
</kw>
<status status="PASS" starttime="20201014 16:14:59.893" endtime="20201014 16:15:04.126"></status>
</kw>
<kw name="Verify successful login" library="keywords_LoginPage">
<kw name="Page Should Contain" library="SeleniumLibrary">
<doc>Verifies that current page contains ``text``.</doc>
<arguments>
<arg>Dashboard</arg>
</arguments>
<msg timestamp="20201014 16:15:04.155" level="INFO">Current page contains text 'Dashboard'.</msg>
<status status="PASS" starttime="20201014 16:15:04.128" endtime="20201014 16:15:04.155"></status>
</kw>
<kw name="Title Should Be" library="SeleniumLibrary">
<doc>Verifies that current page title equals ``title``.</doc>
<arguments>
<arg>OrangeHRM</arg>
</arguments>
<msg timestamp="20201014 16:15:04.160" level="INFO">Page title is 'OrangeHRM'.</msg>
<status status="PASS" starttime="20201014 16:15:04.156" endtime="20201014 16:15:04.161"></status>
</kw>
<status status="PASS" starttime="20201014 16:15:04.127" endtime="20201014 16:15:04.161"></status>
</kw>
<kw name="Capture My Page Screenshot" library="keywords_LoginPage">
<kw name="Capture Page Screenshot" library="SeleniumLibrary">
<doc>Takes screenshot of the current page and embeds it into log file.</doc>
<msg timestamp="20201014 16:15:04.517" level="INFO" html="yes">&lt;/td&gt;&lt;/tr&gt;&lt;tr&gt;&lt;td colspan="3"&gt;&lt;a href="selenium-screenshot-1.png"&gt;&lt;img src="selenium-screenshot-1.png" width="800px"&gt;&lt;/a&gt;</msg>
<status status="PASS" starttime="20201014 16:15:04.162" endtime="20201014 16:15:04.518"></status>
</kw>
<status status="PASS" starttime="20201014 16:15:04.161" endtime="20201014 16:15:04.519"></status>
</kw>
<status status="PASS" starttime="20201014 16:14:59.678" endtime="20201014 16:15:04.521"></status>
</kw>
<kw name="Close My Browser" library="keywords_LoginPage" type="teardown">
<kw name="Close All Browsers" library="SeleniumLibrary">
<doc>Closes all open browsers and resets the browser cache.</doc>
<status status="PASS" starttime="20201014 16:15:04.524" endtime="20201014 16:15:06.863"></status>
</kw>
<status status="PASS" starttime="20201014 16:15:04.523" endtime="20201014 16:15:06.865"></status>
</kw>
<status status="PASS" starttime="20201014 16:14:49.991" endtime="20201014 16:15:06.866" critical="yes"></status>
</test>
<test id="s1-s1-s1-t2" name="Login Into Application">
<kw name="Open My Browser" library="keywords_LoginPage" type="setup">
<arguments>
<arg>${url}</arg>
<arg>${browser}</arg>
</arguments>
<kw name="Open Browser" library="SeleniumLibrary">
<doc>Opens a new browser instance to the given ``url``.</doc>
<arguments>
<arg>${url}</arg>
<arg>${browser}</arg>
</arguments>
<msg timestamp="20201014 16:15:06.883" level="INFO">Opening browser 'chrome' to base url 'https://opensource-demo.orangehrmlive.com/'.</msg>
<status status="PASS" starttime="20201014 16:15:06.882" endtime="20201014 16:15:14.043"></status>
</kw>
<kw name="Maximize Browser Window" library="SeleniumLibrary">
<doc>Maximizes current browser window.</doc>
<status status="PASS" starttime="20201014 16:15:14.044" endtime="20201014 16:15:16.222"></status>
</kw>
<status status="PASS" starttime="20201014 16:15:06.877" endtime="20201014 16:15:16.223"></status>
</kw>
<kw name="Login Template">
<arguments>
<arg>https://opensource-demo.orangehrmlive.com/</arg>
<arg>chrome</arg>
<arg>Admin</arg>
<arg>admin123</arg>
</arguments>
<kw name="Enter UserName" library="keywords_LoginPage">
<arguments>
<arg>${username}</arg>
</arguments>
<kw name="Input Text" library="SeleniumLibrary">
<doc>Types the given ``text`` into text field identified by ``locator``.</doc>
<arguments>
<arg>${text_loginUserName}</arg>
<arg>${username}</arg>
</arguments>
<msg timestamp="20201014 16:15:16.225" level="INFO">Typing text 'Admin' into text field 'xpath://input[@id='txtUsername']'.</msg>
<status status="PASS" starttime="20201014 16:15:16.225" endtime="20201014 16:15:16.375"></status>
</kw>
<status status="PASS" starttime="20201014 16:15:16.224" endtime="20201014 16:15:16.376"></status>
</kw>
<kw name="Enter Password" library="keywords_LoginPage">
<arguments>
<arg>${password}</arg>
</arguments>
<kw name="Input Password" library="SeleniumLibrary">
<doc>Types the given password into text field identified by ``locator``.</doc>
<arguments>
<arg>${text_loginPassword}</arg>
<arg>${password}</arg>
</arguments>
<msg timestamp="20201014 16:15:16.378" level="INFO">Typing password into text field 'xpath://input[@id='txtPassword']'.</msg>
<status status="PASS" starttime="20201014 16:15:16.378" endtime="20201014 16:15:16.512"></status>
</kw>
<status status="PASS" starttime="20201014 16:15:16.376" endtime="20201014 16:15:16.513"></status>
</kw>
<kw name="Click Submit Button" library="keywords_LoginPage">
<kw name="Click Button" library="SeleniumLibrary">
<doc>Clicks button identified by ``locator``.</doc>
<arguments>
<arg>${btn_submitButton}</arg>
</arguments>
<msg timestamp="20201014 16:15:16.516" level="INFO">Clicking button 'name:Submit'.</msg>
<status status="PASS" starttime="20201014 16:15:16.514" endtime="20201014 16:15:20.635"></status>
</kw>
<status status="PASS" starttime="20201014 16:15:16.513" endtime="20201014 16:15:20.636"></status>
</kw>
<kw name="Verify successful login" library="keywords_LoginPage">
<kw name="Page Should Contain" library="SeleniumLibrary">
<doc>Verifies that current page contains ``text``.</doc>
<arguments>
<arg>Dashboard</arg>
</arguments>
<msg timestamp="20201014 16:15:20.662" level="INFO">Current page contains text 'Dashboard'.</msg>
<status status="PASS" starttime="20201014 16:15:20.638" endtime="20201014 16:15:20.662"></status>
</kw>
<kw name="Title Should Be" library="SeleniumLibrary">
<doc>Verifies that current page title equals ``title``.</doc>
<arguments>
<arg>OrangeHRM</arg>
</arguments>
<msg timestamp="20201014 16:15:20.672" level="INFO">Page title is 'OrangeHRM'.</msg>
<status status="PASS" starttime="20201014 16:15:20.663" endtime="20201014 16:15:20.672"></status>
</kw>
<status status="PASS" starttime="20201014 16:15:20.637" endtime="20201014 16:15:20.673"></status>
</kw>
<kw name="Capture My Page Screenshot" library="keywords_LoginPage">
<kw name="Capture Page Screenshot" library="SeleniumLibrary">
<doc>Takes screenshot of the current page and embeds it into log file.</doc>
<msg timestamp="20201014 16:15:21.063" level="INFO" html="yes">&lt;/td&gt;&lt;/tr&gt;&lt;tr&gt;&lt;td colspan="3"&gt;&lt;a href="selenium-screenshot-2.png"&gt;&lt;img src="selenium-screenshot-2.png" width="800px"&gt;&lt;/a&gt;</msg>
<status status="PASS" starttime="20201014 16:15:20.673" endtime="20201014 16:15:21.063"></status>
</kw>
<status status="PASS" starttime="20201014 16:15:20.673" endtime="20201014 16:15:21.064"></status>
</kw>
<status status="PASS" starttime="20201014 16:15:16.223" endtime="20201014 16:15:21.065"></status>
</kw>
<kw name="Close My Browser" library="keywords_LoginPage" type="teardown">
<kw name="Close All Browsers" library="SeleniumLibrary">
<doc>Closes all open browsers and resets the browser cache.</doc>
<status status="PASS" starttime="20201014 16:15:21.067" endtime="20201014 16:15:23.458"></status>
</kw>
<status status="PASS" starttime="20201014 16:15:21.066" endtime="20201014 16:15:23.459"></status>
</kw>
<status status="PASS" starttime="20201014 16:15:06.872" endtime="20201014 16:15:23.459" critical="yes"></status>
</test>
<status status="PASS" starttime="20201014 16:14:47.308" endtime="20201014 16:15:23.460"></status>
</suite>
<status status="PASS" starttime="20201014 16:14:47.301" endtime="20201014 16:15:23.465"></status>
</suite>
<status status="PASS" starttime="20201014 16:14:47.231" endtime="20201014 16:15:23.468"></status>
</suite>
<statistics>
<total>
<stat pass="2" fail="0">Critical Tests</stat>
<stat pass="2" fail="0">All Tests</stat>
</total>
<tag>
</tag>
<suite>
<stat pass="2" fail="0" id="s1" name="ProjectUsingPOM">ProjectUsingPOM</stat>
<stat pass="2" fail="0" id="s1-s1" name="TestCases">ProjectUsingPOM.TestCases</stat>
<stat pass="2" fail="0" id="s1-s1-s1" name="TC001 LoginTest">ProjectUsingPOM.TestCases.TC001 LoginTest</stat>
</suite>
</statistics>
<errors>
<msg timestamp="20201014 16:14:47.860" level="WARN">Imported library 'webdriver_manager' contains no keywords.</msg>
<msg timestamp="20201014 16:15:06.871" level="WARN">Multiple test cases with name 'Login Into Application' executed in test suite 'ProjectUsingPOM.TestCases.TC001 LoginTest'.</msg>
</errors>
</robot>
