<?xml version="1.0" encoding="UTF-8"?>
<robot generator="Robot 3.2.1 (Python 3.8.5 on win32)" generated="20200824 11:23:45.273" rpa="false">
<suite id="s1" name="ProjectUsingPOM" source="C:\Users\CHANDRASEKHARJANGA\git\RobotProject\ProjectUsingPOM">
<suite id="s1-s1" name="TestCases" source="C:\Users\CHANDRASEKHARJANGA\git\RobotProject\ProjectUsingPOM\TestCases">
<suite id="s1-s1-s1" name="TC001 LoginTest" source="C:\Users\CHANDRASEKHARJANGA\git\RobotProject\ProjectUsingPOM\TestCases\TC001_LoginTest.robot">
<test id="s1-s1-s1-t1" name="Login Into Application">
<kw name="Open My Browser" library="keywords_LoginPage" type="setup">
<arguments>
<arg>${url}</arg>
<arg>${browser}</arg>
</arguments>
<kw name="Open Browser" library="SeleniumLibrary">
<doc>Opens a new browser instance to the optional ``url``.</doc>
<arguments>
<arg>${url}</arg>
<arg>${browser}</arg>
</arguments>
<msg timestamp="20200824 11:23:47.993" level="INFO">Opening browser 'chrome' to base url 'https://opensource-demo.orangehrmlive.com/'.</msg>
<status status="PASS" starttime="20200824 11:23:47.993" endtime="20200824 11:23:55.356"></status>
</kw>
<kw name="Maximize Browser Window" library="SeleniumLibrary">
<doc>Maximizes current browser window.</doc>
<status status="PASS" starttime="20200824 11:23:55.357" endtime="20200824 11:23:57.485"></status>
</kw>
<status status="PASS" starttime="20200824 11:23:47.991" endtime="20200824 11:23:57.488"></status>
</kw>
<kw name="Login Template">
<arguments>
<arg>https://opensource-demo.orangehrmlive.com/</arg>
<arg>firefox</arg>
<arg>Admin</arg>
<arg>admin123</arg>
</arguments>
<kw name="Enter UserName" library="keywords_LoginPage">
<arguments>
<arg>${username}</arg>
</arguments>
<kw name="Input Text" library="SeleniumLibrary">
<doc>Types the given ``text`` into the text field identified by ``locator``.</doc>
<arguments>
<arg>${text_loginUserName}</arg>
<arg>${username}</arg>
</arguments>
<msg timestamp="20200824 11:23:57.498" level="INFO">Typing text 'Admin' into text field 'xpath://input[@id='txtUsername']'.</msg>
<status status="PASS" starttime="20200824 11:23:57.496" endtime="20200824 11:23:57.688"></status>
</kw>
<status status="PASS" starttime="20200824 11:23:57.493" endtime="20200824 11:23:57.689"></status>
</kw>
<kw name="Enter Password" library="keywords_LoginPage">
<arguments>
<arg>${password}</arg>
</arguments>
<kw name="Input Password" library="SeleniumLibrary">
<doc>Types the given password into the text field identified by ``locator``.</doc>
<arguments>
<arg>${text_loginPassword}</arg>
<arg>${password}</arg>
</arguments>
<msg timestamp="20200824 11:23:57.691" level="INFO">Typing password into text field 'xpath://input[@id='txtPassword']'.</msg>
<msg timestamp="20200824 11:23:57.754" level="INFO">Temporally setting log level to: NONE</msg>
<msg timestamp="20200824 11:23:57.821" level="INFO">Log level changed from NONE to INFO.</msg>
<status status="PASS" starttime="20200824 11:23:57.690" endtime="20200824 11:23:57.821"></status>
</kw>
<status status="PASS" starttime="20200824 11:23:57.689" endtime="20200824 11:23:57.822"></status>
</kw>
<kw name="Click Submit Button" library="keywords_LoginPage">
<kw name="Click Button" library="SeleniumLibrary">
<doc>Clicks the button identified by ``locator``.</doc>
<arguments>
<arg>${btn_submitButton}</arg>
</arguments>
<msg timestamp="20200824 11:23:57.824" level="INFO">Clicking button 'name:Submit'.</msg>
<status status="PASS" starttime="20200824 11:23:57.824" endtime="20200824 11:24:02.207"></status>
</kw>
<status status="PASS" starttime="20200824 11:23:57.823" endtime="20200824 11:24:02.207"></status>
</kw>
<kw name="Verify successful login" library="keywords_LoginPage">
<kw name="Page Should Contain" library="SeleniumLibrary">
<doc>Verifies that current page contains ``text``.</doc>
<arguments>
<arg>Dashboard</arg>
</arguments>
<msg timestamp="20200824 11:24:02.230" level="INFO">Current page contains text 'Dashboard'.</msg>
<status status="PASS" starttime="20200824 11:24:02.209" endtime="20200824 11:24:02.231"></status>
</kw>
<kw name="Title Should Be" library="SeleniumLibrary">
<doc>Verifies that the current page title equals ``title``.</doc>
<arguments>
<arg>OrangeHRM</arg>
</arguments>
<msg timestamp="20200824 11:24:02.238" level="INFO">Page title is 'OrangeHRM'.</msg>
<status status="PASS" starttime="20200824 11:24:02.231" endtime="20200824 11:24:02.239"></status>
</kw>
<status status="PASS" starttime="20200824 11:24:02.208" endtime="20200824 11:24:02.240"></status>
</kw>
<kw name="Capture My Page Screenshot" library="keywords_LoginPage">
<kw name="Capture Page Screenshot" library="SeleniumLibrary">
<doc>Takes a screenshot of the current page and embeds it into a log file.</doc>
<msg timestamp="20200824 11:24:02.679" level="INFO" html="yes">&lt;/td&gt;&lt;/tr&gt;&lt;tr&gt;&lt;td colspan="3"&gt;&lt;a href="selenium-screenshot-1.png"&gt;&lt;img src="selenium-screenshot-1.png" width="800px"&gt;&lt;/a&gt;</msg>
<status status="PASS" starttime="20200824 11:24:02.241" endtime="20200824 11:24:02.680"></status>
</kw>
<status status="PASS" starttime="20200824 11:24:02.241" endtime="20200824 11:24:02.680"></status>
</kw>
<status status="PASS" starttime="20200824 11:23:57.491" endtime="20200824 11:24:02.681"></status>
</kw>
<kw name="Close My Browser" library="keywords_LoginPage" type="teardown">
<kw name="Close All Browsers" library="SeleniumLibrary">
<doc>Closes all open browsers and resets the browser cache.</doc>
<status status="PASS" starttime="20200824 11:24:02.682" endtime="20200824 11:24:04.916"></status>
</kw>
<status status="PASS" starttime="20200824 11:24:02.682" endtime="20200824 11:24:04.917"></status>
</kw>
<status status="PASS" starttime="20200824 11:23:47.990" endtime="20200824 11:24:04.918" critical="yes"></status>
</test>
<test id="s1-s1-s1-t2" name="Login Into Application">
<kw name="Open My Browser" library="keywords_LoginPage" type="setup">
<arguments>
<arg>${url}</arg>
<arg>${browser}</arg>
</arguments>
<kw name="Open Browser" library="SeleniumLibrary">
<doc>Opens a new browser instance to the optional ``url``.</doc>
<arguments>
<arg>${url}</arg>
<arg>${browser}</arg>
</arguments>
<msg timestamp="20200824 11:24:04.932" level="INFO">Opening browser 'chrome' to base url 'https://opensource-demo.orangehrmlive.com/'.</msg>
<status status="PASS" starttime="20200824 11:24:04.931" endtime="20200824 11:24:11.323"></status>
</kw>
<kw name="Maximize Browser Window" library="SeleniumLibrary">
<doc>Maximizes current browser window.</doc>
<status status="PASS" starttime="20200824 11:24:11.324" endtime="20200824 11:24:13.452"></status>
</kw>
<status status="PASS" starttime="20200824 11:24:04.927" endtime="20200824 11:24:13.453"></status>
</kw>
<kw name="Login Template">
<arguments>
<arg>https://opensource-demo.orangehrmlive.com/</arg>
<arg>chrome</arg>
<arg>Admin</arg>
<arg>admin123</arg>
</arguments>
<kw name="Enter UserName" library="keywords_LoginPage">
<arguments>
<arg>${username}</arg>
</arguments>
<kw name="Input Text" library="SeleniumLibrary">
<doc>Types the given ``text`` into the text field identified by ``locator``.</doc>
<arguments>
<arg>${text_loginUserName}</arg>
<arg>${username}</arg>
</arguments>
<msg timestamp="20200824 11:24:13.460" level="INFO">Typing text 'Admin' into text field 'xpath://input[@id='txtUsername']'.</msg>
<status status="PASS" starttime="20200824 11:24:13.457" endtime="20200824 11:24:13.703"></status>
</kw>
<status status="PASS" starttime="20200824 11:24:13.455" endtime="20200824 11:24:13.703"></status>
</kw>
<kw name="Enter Password" library="keywords_LoginPage">
<arguments>
<arg>${password}</arg>
</arguments>
<kw name="Input Password" library="SeleniumLibrary">
<doc>Types the given password into the text field identified by ``locator``.</doc>
<arguments>
<arg>${text_loginPassword}</arg>
<arg>${password}</arg>
</arguments>
<msg timestamp="20200824 11:24:13.705" level="INFO">Typing password into text field 'xpath://input[@id='txtPassword']'.</msg>
<msg timestamp="20200824 11:24:13.758" level="INFO">Temporally setting log level to: NONE</msg>
<msg timestamp="20200824 11:24:13.817" level="INFO">Log level changed from NONE to INFO.</msg>
<status status="PASS" starttime="20200824 11:24:13.705" endtime="20200824 11:24:13.817"></status>
</kw>
<status status="PASS" starttime="20200824 11:24:13.704" endtime="20200824 11:24:13.817"></status>
</kw>
<kw name="Click Submit Button" library="keywords_LoginPage">
<kw name="Click Button" library="SeleniumLibrary">
<doc>Clicks the button identified by ``locator``.</doc>
<arguments>
<arg>${btn_submitButton}</arg>
</arguments>
<msg timestamp="20200824 11:24:13.819" level="INFO">Clicking button 'name:Submit'.</msg>
<status status="PASS" starttime="20200824 11:24:13.818" endtime="20200824 11:24:18.281"></status>
</kw>
<status status="PASS" starttime="20200824 11:24:13.818" endtime="20200824 11:24:18.282"></status>
</kw>
<kw name="Verify successful login" library="keywords_LoginPage">
<kw name="Page Should Contain" library="SeleniumLibrary">
<doc>Verifies that current page contains ``text``.</doc>
<arguments>
<arg>Dashboard</arg>
</arguments>
<msg timestamp="20200824 11:24:18.307" level="INFO">Current page contains text 'Dashboard'.</msg>
<status status="PASS" starttime="20200824 11:24:18.284" endtime="20200824 11:24:18.307"></status>
</kw>
<kw name="Title Should Be" library="SeleniumLibrary">
<doc>Verifies that the current page title equals ``title``.</doc>
<arguments>
<arg>OrangeHRM</arg>
</arguments>
<msg timestamp="20200824 11:24:18.314" level="INFO">Page title is 'OrangeHRM'.</msg>
<status status="PASS" starttime="20200824 11:24:18.308" endtime="20200824 11:24:18.314"></status>
</kw>
<status status="PASS" starttime="20200824 11:24:18.282" endtime="20200824 11:24:18.314"></status>
</kw>
<kw name="Capture My Page Screenshot" library="keywords_LoginPage">
<kw name="Capture Page Screenshot" library="SeleniumLibrary">
<doc>Takes a screenshot of the current page and embeds it into a log file.</doc>
<msg timestamp="20200824 11:24:18.748" level="INFO" html="yes">&lt;/td&gt;&lt;/tr&gt;&lt;tr&gt;&lt;td colspan="3"&gt;&lt;a href="selenium-screenshot-2.png"&gt;&lt;img src="selenium-screenshot-2.png" width="800px"&gt;&lt;/a&gt;</msg>
<status status="PASS" starttime="20200824 11:24:18.315" endtime="20200824 11:24:18.749"></status>
</kw>
<status status="PASS" starttime="20200824 11:24:18.315" endtime="20200824 11:24:18.749"></status>
</kw>
<status status="PASS" starttime="20200824 11:24:13.454" endtime="20200824 11:24:18.750"></status>
</kw>
<kw name="Close My Browser" library="keywords_LoginPage" type="teardown">
<kw name="Close All Browsers" library="SeleniumLibrary">
<doc>Closes all open browsers and resets the browser cache.</doc>
<status status="PASS" starttime="20200824 11:24:18.751" endtime="20200824 11:24:20.963"></status>
</kw>
<status status="PASS" starttime="20200824 11:24:18.750" endtime="20200824 11:24:20.964"></status>
</kw>
<status status="PASS" starttime="20200824 11:24:04.923" endtime="20200824 11:24:20.965" critical="yes"></status>
</test>
<status status="PASS" starttime="20200824 11:23:45.347" endtime="20200824 11:24:20.967"></status>
</suite>
<status status="PASS" starttime="20200824 11:23:45.345" endtime="20200824 11:24:20.975"></status>
</suite>
<status status="PASS" starttime="20200824 11:23:45.319" endtime="20200824 11:24:20.981"></status>
</suite>
<statistics>
<total>
<stat pass="2" fail="0">Critical Tests</stat>
<stat pass="2" fail="0">All Tests</stat>
</total>
<tag>
</tag>
<suite>
<stat pass="2" fail="0" id="s1" name="ProjectUsingPOM">ProjectUsingPOM</stat>
<stat pass="2" fail="0" id="s1-s1" name="TestCases">ProjectUsingPOM.TestCases</stat>
<stat pass="2" fail="0" id="s1-s1-s1" name="TC001 LoginTest">ProjectUsingPOM.TestCases.TC001 LoginTest</stat>
</suite>
</statistics>
<errors>
<msg timestamp="20200824 11:24:04.922" level="WARN">Multiple test cases with name 'Login Into Application' executed in test suite 'ProjectUsingPOM.TestCases.TC001 LoginTest'.</msg>
</errors>
</robot>
