<?xml version="1.0" encoding="UTF-8"?>
<robot generator="Robot 3.2.1 (Python 3.8.5 on win32)" generated="20200828 16:42:44.580" rpa="false">
<suite id="s1" name="ProjectUsingPOM" source="C:\Users\CHANDRASEKHARJANGA\git\RobotProject\ProjectUsingPOM">
<suite id="s1-s1" name="TestCases" source="C:\Users\CHANDRASEKHARJANGA\git\RobotProject\ProjectUsingPOM\TestCases">
<suite id="s1-s1-s1" name="TC005 OpportunityCreation" source="C:\Users\CHANDRASEKHARJANGA\git\RobotProject\ProjectUsingPOM\TestCases\TC005_OpportunityCreation.robot">
<kw name="Open The Browser" library="keywords_LoginSalesforcePage" type="setup">
<arguments>
<arg>${url}</arg>
<arg>${browser}</arg>
</arguments>
<kw name="Open Browser" library="SeleniumLibrary">
<doc>Opens a new browser instance to the optional ``url``.</doc>
<arguments>
<arg>${url}</arg>
<arg>${browser}</arg>
</arguments>
<msg timestamp="20200828 16:42:45.125" level="INFO">Opening browser 'chrome' to base url 'https://login.salesforce.com/'.</msg>
<status status="PASS" starttime="20200828 16:42:45.125" endtime="20200828 16:42:52.161"></status>
</kw>
<kw name="Maximize Browser Window" library="SeleniumLibrary">
<doc>Maximizes current browser window.</doc>
<status status="PASS" starttime="20200828 16:42:52.163" endtime="20200828 16:42:54.965"></status>
</kw>
<status status="PASS" starttime="20200828 16:42:45.124" endtime="20200828 16:42:54.965"></status>
</kw>
<test id="s1-s1-s1-t1" name="Login Salesforce Test">
<kw name="Login Into Application" library="keywords_LogIntoApplication">
<kw name="Enter The UserName" library="keywords_LoginSalesforcePage">
<arguments>
<arg>${username}</arg>
</arguments>
<kw name="Input Text" library="SeleniumLibrary">
<doc>Types the given ``text`` into the text field identified by ``locator``.</doc>
<arguments>
<arg>${text_UserName}</arg>
<arg>${username}</arg>
</arguments>
<msg timestamp="20200828 16:42:54.970" level="INFO">Typing text 'jcsreddy@gmail.com' into text field 'id=username'.</msg>
<status status="PASS" starttime="20200828 16:42:54.969" endtime="20200828 16:42:55.235"></status>
</kw>
<status status="PASS" starttime="20200828 16:42:54.968" endtime="20200828 16:42:55.236"></status>
</kw>
<kw name="Enter The Password" library="keywords_LoginSalesforcePage">
<arguments>
<arg>${password}</arg>
</arguments>
<kw name="Input Password" library="SeleniumLibrary">
<doc>Types the given password into the text field identified by ``locator``.</doc>
<arguments>
<arg>${text_Password}</arg>
<arg>${password}</arg>
</arguments>
<msg timestamp="20200828 16:42:55.238" level="INFO">Typing password into text field 'id=password'.</msg>
<msg timestamp="20200828 16:42:55.305" level="INFO">Temporally setting log level to: NONE</msg>
<msg timestamp="20200828 16:42:55.406" level="INFO">Log level changed from NONE to INFO.</msg>
<status status="PASS" starttime="20200828 16:42:55.238" endtime="20200828 16:42:55.408"></status>
</kw>
<status status="PASS" starttime="20200828 16:42:55.236" endtime="20200828 16:42:55.410"></status>
</kw>
<kw name="Click The Login Button" library="keywords_LoginSalesforcePage">
<kw name="Click Button" library="SeleniumLibrary">
<doc>Clicks the button identified by ``locator``.</doc>
<arguments>
<arg>${clickbutton_Login}</arg>
</arguments>
<msg timestamp="20200828 16:42:55.413" level="INFO">Clicking button 'name=Login'.</msg>
<status status="PASS" starttime="20200828 16:42:55.412" endtime="20200828 16:42:58.382"></status>
</kw>
<status status="PASS" starttime="20200828 16:42:55.411" endtime="20200828 16:42:58.383"></status>
</kw>
<status status="PASS" starttime="20200828 16:42:54.967" endtime="20200828 16:42:58.384"></status>
</kw>
<kw name="Switch To Lightning Page" library="keywords_SwitchToLightning">
<kw name="Get Location" library="SeleniumLibrary">
<doc>Returns the current browser window URL.</doc>
<assign>
<var>${currenturl}</var>
</assign>
<msg timestamp="20200828 16:43:04.870" level="INFO">${currenturl} = https://ap16.lightning.force.com/lightning/setup/SetupOneHome/home</msg>
<status status="PASS" starttime="20200828 16:42:58.387" endtime="20200828 16:43:04.870"></status>
</kw>
<kw name="Log" library="BuiltIn">
<doc>Logs the given message with the given level.</doc>
<arguments>
<arg>${currenturl}</arg>
</arguments>
<msg timestamp="20200828 16:43:04.872" level="INFO">https://ap16.lightning.force.com/lightning/setup/SetupOneHome/home</msg>
<status status="PASS" starttime="20200828 16:43:04.871" endtime="20200828 16:43:04.872"></status>
</kw>
<kw name="Run Keyword If" library="BuiltIn">
<doc>Runs the given keyword with the given arguments, if ``condition`` is true.</doc>
<arguments>
<arg>'salesforce.com' in '${currenturl}'</arg>
<arg>Click Element</arg>
<arg>${click_SwitchToLightning}</arg>
</arguments>
<status status="PASS" starttime="20200828 16:43:04.873" endtime="20200828 16:43:04.874"></status>
</kw>
<kw name="Wait Until Element Is Visible" library="SeleniumLibrary">
<doc>Waits until the element ``locator`` is visible.</doc>
<arguments>
<arg>${click_ViewProfile}</arg>
</arguments>
<status status="PASS" starttime="20200828 16:43:04.874" endtime="20200828 16:43:04.927"></status>
</kw>
<kw name="Wait Until Page Contains" library="SeleniumLibrary">
<doc>Waits until ``text`` appears on the current page.</doc>
<arguments>
<arg>Home</arg>
</arguments>
<status status="PASS" starttime="20200828 16:43:04.928" endtime="20200828 16:43:04.975"></status>
</kw>
<kw name="Capture Page Screenshot" library="SeleniumLibrary">
<doc>Takes a screenshot of the current page and embeds it into a log file.</doc>
<msg timestamp="20200828 16:43:05.537" level="INFO" html="yes">&lt;/td&gt;&lt;/tr&gt;&lt;tr&gt;&lt;td colspan="3"&gt;&lt;a href="selenium-screenshot-1.png"&gt;&lt;img src="selenium-screenshot-1.png" width="800px"&gt;&lt;/a&gt;</msg>
<status status="PASS" starttime="20200828 16:43:04.975" endtime="20200828 16:43:05.538"></status>
</kw>
<status status="PASS" starttime="20200828 16:42:58.385" endtime="20200828 16:43:05.539"></status>
</kw>
<kw name="Switch To Opportunies Page" library="keywords_SwitchToOpportunites">
<kw name="Wait Until Element Is Visible" library="SeleniumLibrary">
<doc>Waits until the element ``locator`` is visible.</doc>
<arguments>
<arg>${click_AppLauncher}</arg>
</arguments>
<status status="PASS" starttime="20200828 16:43:05.540" endtime="20200828 16:43:05.578"></status>
</kw>
<kw name="Click Element" library="SeleniumLibrary">
<doc>Click the element identified by ``locator``.</doc>
<arguments>
<arg>${click_AppLauncher}</arg>
</arguments>
<msg timestamp="20200828 16:43:05.579" level="INFO">Clicking element 'xpath=//div[@class='slds-icon-waffle']'.</msg>
<status status="PASS" starttime="20200828 16:43:05.579" endtime="20200828 16:43:05.815"></status>
</kw>
<kw name="Wait Until Page Contains" library="SeleniumLibrary">
<doc>Waits until ``text`` appears on the current page.</doc>
<arguments>
<arg>Apps</arg>
</arguments>
<status status="PASS" starttime="20200828 16:43:05.817" endtime="20200828 16:43:06.293"></status>
</kw>
<kw name="Wait Until Page Contains" library="SeleniumLibrary">
<doc>Waits until ``text`` appears on the current page.</doc>
<arguments>
<arg>Service</arg>
</arguments>
<status status="PASS" starttime="20200828 16:43:06.294" endtime="20200828 16:43:06.344"></status>
</kw>
<kw name="Wait Until Page Contains" library="SeleniumLibrary">
<doc>Waits until ``text`` appears on the current page.</doc>
<arguments>
<arg>Marketing</arg>
</arguments>
<status status="PASS" starttime="20200828 16:43:06.345" endtime="20200828 16:43:07.138"></status>
</kw>
<kw name="Wait Until Element Is Visible" library="SeleniumLibrary">
<doc>Waits until the element ``locator`` is visible.</doc>
<arguments>
<arg>${text_SearchAppsAndItems}</arg>
</arguments>
<status status="PASS" starttime="20200828 16:43:07.138" endtime="20200828 16:43:07.163"></status>
</kw>
<kw name="Input Text" library="SeleniumLibrary">
<doc>Types the given ``text`` into the text field identified by ``locator``.</doc>
<arguments>
<arg>${text_SearchAppsAndItems}</arg>
<arg>Opportunities</arg>
</arguments>
<msg timestamp="20200828 16:43:07.163" level="INFO">Typing text 'Opportunities' into text field '//input[@placeholder='Search apps and items...']'.</msg>
<status status="PASS" starttime="20200828 16:43:07.163" endtime="20200828 16:43:07.403"></status>
</kw>
<kw name="Wait Until Page Contains" library="SeleniumLibrary">
<doc>Waits until ``text`` appears on the current page.</doc>
<arguments>
<arg>Items</arg>
</arguments>
<status status="PASS" starttime="20200828 16:43:07.403" endtime="20200828 16:43:07.422"></status>
</kw>
<kw name="Wait Until Page Contains" library="SeleniumLibrary">
<doc>Waits until ``text`` appears on the current page.</doc>
<arguments>
<arg>Opportunities</arg>
</arguments>
<status status="PASS" starttime="20200828 16:43:07.422" endtime="20200828 16:43:07.436"></status>
</kw>
<kw name="Wait Until Page Contains" library="SeleniumLibrary">
<doc>Waits until ``text`` appears on the current page.</doc>
<arguments>
<arg>View All</arg>
</arguments>
<status status="PASS" starttime="20200828 16:43:07.437" endtime="20200828 16:43:07.452"></status>
</kw>
<kw name="Capture Page Screenshot" library="SeleniumLibrary">
<doc>Takes a screenshot of the current page and embeds it into a log file.</doc>
<msg timestamp="20200828 16:43:07.997" level="INFO" html="yes">&lt;/td&gt;&lt;/tr&gt;&lt;tr&gt;&lt;td colspan="3"&gt;&lt;a href="selenium-screenshot-2.png"&gt;&lt;img src="selenium-screenshot-2.png" width="800px"&gt;&lt;/a&gt;</msg>
<status status="PASS" starttime="20200828 16:43:07.452" endtime="20200828 16:43:07.997"></status>
</kw>
<kw name="Click Element" library="SeleniumLibrary">
<doc>Click the element identified by ``locator``.</doc>
<arguments>
<arg>//b[contains(text(),'Opportunities')]</arg>
</arguments>
<msg timestamp="20200828 16:43:07.998" level="INFO">Clicking element '//b[contains(text(),'Opportunities')]'.</msg>
<status status="PASS" starttime="20200828 16:43:07.997" endtime="20200828 16:43:09.615"></status>
</kw>
<kw name="Wait Until Page Contains" library="SeleniumLibrary">
<doc>Waits until ``text`` appears on the current page.</doc>
<arguments>
<arg>Opportunities</arg>
</arguments>
<status status="PASS" starttime="20200828 16:43:09.615" endtime="20200828 16:43:09.643"></status>
</kw>
<kw name="Wait Until Page Contains" library="SeleniumLibrary">
<doc>Waits until ``text`` appears on the current page.</doc>
<arguments>
<arg>New</arg>
</arguments>
<status status="PASS" starttime="20200828 16:43:09.644" endtime="20200828 16:43:09.737"></status>
</kw>
<kw name="Capture Page Screenshot" library="SeleniumLibrary">
<doc>Takes a screenshot of the current page and embeds it into a log file.</doc>
<msg timestamp="20200828 16:43:10.271" level="INFO" html="yes">&lt;/td&gt;&lt;/tr&gt;&lt;tr&gt;&lt;td colspan="3"&gt;&lt;a href="selenium-screenshot-3.png"&gt;&lt;img src="selenium-screenshot-3.png" width="800px"&gt;&lt;/a&gt;</msg>
<status status="PASS" starttime="20200828 16:43:09.738" endtime="20200828 16:43:10.271"></status>
</kw>
<status status="PASS" starttime="20200828 16:43:05.539" endtime="20200828 16:43:10.272"></status>
</kw>
<status status="PASS" starttime="20200828 16:42:54.966" endtime="20200828 16:43:10.272" critical="yes"></status>
</test>
<kw name="Close The Browser" library="keywords_LoginSalesforcePage" type="teardown">
<kw name="Close All Browsers" library="SeleniumLibrary">
<doc>Closes all open browsers and resets the browser cache.</doc>
<status status="PASS" starttime="20200828 16:43:10.275" endtime="20200828 16:43:12.713"></status>
</kw>
<status status="PASS" starttime="20200828 16:43:10.274" endtime="20200828 16:43:12.714"></status>
</kw>
<status status="PASS" starttime="20200828 16:42:44.667" endtime="20200828 16:43:12.716"></status>
</suite>
<status status="PASS" starttime="20200828 16:42:44.662" endtime="20200828 16:43:12.726"></status>
</suite>
<status status="PASS" starttime="20200828 16:42:44.626" endtime="20200828 16:43:12.732"></status>
</suite>
<statistics>
<total>
<stat pass="1" fail="0">Critical Tests</stat>
<stat pass="1" fail="0">All Tests</stat>
</total>
<tag>
</tag>
<suite>
<stat pass="1" fail="0" id="s1" name="ProjectUsingPOM">ProjectUsingPOM</stat>
<stat pass="1" fail="0" id="s1-s1" name="TestCases">ProjectUsingPOM.TestCases</stat>
<stat pass="1" fail="0" id="s1-s1-s1" name="TC005 OpportunityCreation">ProjectUsingPOM.TestCases.TC005 OpportunityCreation</stat>
</suite>
</statistics>
<errors>
</errors>
</robot>
